# JRE version: OpenJDK Runtime Environment Temurin-21.0.9+10 (21.0.9+10) (build 21.0.9+10-LTS)
# Java VM: OpenJDK 64-Bit Server VM Temurin-21.0.9+10 (21.0.9+10-LTS, mixed mode, sharing, tiered, compressed oops, compressed class ptrs, parallel gc, windows-amd64)
GC Precious Log:
 CardTable entry size: 512
 CPUs: 12 total, 12 available
 Memory: 7876M
 Large Page Support: Disabled
 NUMA Support: Disabled
 Compressed Oops: Enabled (32-bit)
 Alignments: Space 512K, Generation 512K, Heap 2M
 Heap Min Capacity: 100M
 Heap Initial Capacity: 100M
 Heap Max Capacity: 2G
 Pre-touch: Disabled
 Parallel Workers: 10
Heap:
 PSYoungGen      total 8704K, used 6769K [0x00000000d5580000, 0x00000000d6500000, 0x0000000100000000)
  eden space 6656K, 70% used [0x00000000d5580000,0x00000000d5a1c670,0x00000000d5c00000)
  from space 2048K, 100% used [0x00000000d6100000,0x00000000d6300000,0x00000000d6300000)
  to   space 2048K, 0% used [0x00000000d6300000,0x00000000d6300000,0x00000000d6500000)
 ParOldGen       total 393728K, used 181629K [0x0000000080000000, 0x0000000098080000, 0x00000000d5580000)
  object space 393728K, 46% used [0x0000000080000000,0x000000008b15f448,0x0000000098080000)
 Metaspace       used 21125K, committed 22016K, reserved 1114112K
  class space    used 2055K, committed 2368K, reserved 1048576K
GC Heap History (20 events):
Event: 9.137 GC heap before
{Heap before GC invocations=175 (full 0):
 PSYoungGen      total 17920K, used 17779K [0x00000000d5580000, 0x00000000d7300000, 0x0000000100000000)
  eden space 11264K, 100% used [0x00000000d5580000,0x00000000d6080000,0x00000000d6080000)
  from space 6656K, 97% used [0x00000000d6c80000,0x00000000d72dcc50,0x00000000d7300000)
  to   space 8192K, 0% used [0x00000000d6300000,0x00000000d6300000,0x00000000d6b00000)
 ParOldGen       total 371200K, used 371166K [0x0000000080000000, 0x0000000096a80000, 0x00000000d5580000)
  object space 371200K, 99% used [0x0000000080000000,0x0000000096a77ac0,0x0000000096a80000)
 Metaspace       used 19942K, committed 20672K, reserved 1114112K
  class space    used 1892K, committed 2176K, reserved 1048576K
}
Event: 9.149 GC heap after
{Heap after GC invocations=175 (full 0):
 PSYoungGen      total 18944K, used 7444K [0x00000000d5580000, 0x00000000d6f80000, 0x0000000100000000)
  eden space 11264K, 0% used [0x00000000d5580000,0x00000000d5580000,0x00000000d6080000)
  from space 7680K, 96% used [0x00000000d6300000,0x00000000d6a45060,0x00000000d6a80000)
  to   space 5120K, 0% used [0x00000000d6a80000,0x00000000d6a80000,0x00000000d6f80000)
 ParOldGen       total 377856K, used 377574K [0x0000000080000000, 0x0000000097100000, 0x00000000d5580000)
  object space 377856K, 99% used [0x0000000080000000,0x00000000970b98c8,0x0000000097100000)
 Metaspace       used 19942K, committed 20672K, reserved 1114112K
  class space    used 1892K, committed 2176K, reserved 1048576K
}
Event: 9.220 GC heap before
{Heap before GC invocations=176 (full 0):
 PSYoungGen      total 18944K, used 18501K [0x00000000d5580000, 0x00000000d6f80000, 0x0000000100000000)
  eden space 11264K, 98% used [0x00000000d5580000,0x00000000d604c420,0x00000000d6080000)
  from space 7680K, 96% used [0x00000000d6300000,0x00000000d6a45060,0x00000000d6a80000)
  to   space 5120K, 0% used [0x00000000d6a80000,0x00000000d6a80000,0x00000000d6f80000)
 ParOldGen       total 377856K, used 377574K [0x0000000080000000, 0x0000000097100000, 0x00000000d5580000)
  object space 377856K, 99% used [0x0000000080000000,0x00000000970b98c8,0x0000000097100000)
 Metaspace       used 19970K, committed 20736K, reserved 1114112K
  class space    used 1893K, committed 2176K, reserved 1048576K
}
Event: 9.228 GC heap after
{Heap after GC invocations=176 (full 0):
 PSYoungGen      total 11776K, used 5108K [0x00000000d5580000, 0x00000000d7d80000, 0x0000000100000000)
  eden space 6656K, 0% used [0x00000000d5580000,0x00000000d5580000,0x00000000d5c00000)
  from space 5120K, 99% used [0x00000000d6a80000,0x00000000d6f7d140,0x00000000d6f80000)
  to   space 14848K, 0% used [0x00000000d5c00000,0x00000000d5c00000,0x00000000d6a80000)
 ParOldGen       total 386048K, used 385854K [0x0000000080000000, 0x0000000097900000, 0x00000000d5580000)
  object space 386048K, 99% used [0x0000000080000000,0x00000000978cfb00,0x0000000097900000)
 Metaspace       used 19970K, committed 20736K, reserved 1114112K
  class space    used 1893K, committed 2176K, reserved 1048576K
}
Event: 9.302 GC heap before
{Heap before GC invocations=177 (full 0):
 PSYoungGen      total 11776K, used 11731K [0x00000000d5580000, 0x00000000d7d80000, 0x0000000100000000)
  eden space 6656K, 99% used [0x00000000d5580000,0x00000000d5bf7e68,0x00000000d5c00000)
  from space 5120K, 99% used [0x00000000d6a80000,0x00000000d6f7d140,0x00000000d6f80000)
  to   space 14848K, 0% used [0x00000000d5c00000,0x00000000d5c00000,0x00000000d6a80000)
 ParOldGen       total 386048K, used 385854K [0x0000000080000000, 0x0000000097900000, 0x00000000d5580000)
  object space 386048K, 99% used [0x0000000080000000,0x00000000978cfb00,0x0000000097900000)
 Metaspace       used 20205K, committed 20992K, reserved 1114112K
  class space    used 1928K, committed 2240K, reserved 1048576K
}
Event: 9.308 GC heap after
{Heap after GC invocations=177 (full 0):
 PSYoungGen      total 8704K, used 1579K [0x00000000d5580000, 0x00000000d6b00000, 0x0000000100000000)
  eden space 6656K, 0% used [0x00000000d5580000,0x00000000d5580000,0x00000000d5c00000)
  from space 2048K, 77% used [0x00000000d5c00000,0x00000000d5d8ad60,0x00000000d5e00000)
  to   space 6144K, 0% used [0x00000000d6500000,0x00000000d6500000,0x00000000d6b00000)
 ParOldGen       total 391168K, used 390810K [0x0000000080000000, 0x0000000097e00000, 0x00000000d5580000)
  object space 391168K, 99% used [0x0000000080000000,0x0000000097da6b50,0x0000000097e00000)
 Metaspace       used 20205K, committed 20992K, reserved 1114112K
  class space    used 1928K, committed 2240K, reserved 1048576K
}
Event: 9.378 GC heap before
{Heap before GC invocations=178 (full 0):
 PSYoungGen      total 8704K, used 8235K [0x00000000d5580000, 0x00000000d6b00000, 0x0000000100000000)
  eden space 6656K, 100% used [0x00000000d5580000,0x00000000d5c00000,0x00000000d5c00000)
  from space 2048K, 77% used [0x00000000d5c00000,0x00000000d5d8ad60,0x00000000d5e00000)
  to   space 6144K, 0% used [0x00000000d6500000,0x00000000d6500000,0x00000000d6b00000)
 ParOldGen       total 391168K, used 390810K [0x0000000080000000, 0x0000000097e00000, 0x00000000d5580000)
  object space 391168K, 99% used [0x0000000080000000,0x0000000097da6b50,0x0000000097e00000)
 Metaspace       used 20368K, committed 21248K, reserved 1114112K
  class space    used 1943K, committed 2240K, reserved 1048576K
}
Event: 9.381 GC heap after
{Heap after GC invocations=178 (full 0):
 PSYoungGen      total 7680K, used 832K [0x00000000d5580000, 0x00000000d6600000, 0x0000000100000000)
  eden space 6656K, 0% used [0x00000000d5580000,0x00000000d5580000,0x00000000d5c00000)
  from space 1024K, 81% used [0x00000000d6500000,0x00000000d65d0020,0x00000000d6600000)
  to   space 2048K, 0% used [0x00000000d6200000,0x00000000d6200000,0x00000000d6400000)
 ParOldGen       total 392192K, used 392095K [0x0000000080000000, 0x0000000097f00000, 0x00000000d5580000)
  object space 392192K, 99% used [0x0000000080000000,0x0000000097ee7f10,0x0000000097f00000)
 Metaspace       used 20368K, committed 21248K, reserved 1114112K
  class space    used 1943K, committed 2240K, reserved 1048576K
}
Event: 9.463 GC heap before
{Heap before GC invocations=179 (full 0):
 PSYoungGen      total 7680K, used 7488K [0x00000000d5580000, 0x00000000d6600000, 0x0000000100000000)
  eden space 6656K, 100% used [0x00000000d5580000,0x00000000d5c00000,0x00000000d5c00000)
  from space 1024K, 81% used [0x00000000d6500000,0x00000000d65d0020,0x00000000d6600000)
  to   space 2048K, 0% used [0x00000000d6200000,0x00000000d6200000,0x00000000d6400000)
 ParOldGen       total 392192K, used 392095K [0x0000000080000000, 0x0000000097f00000, 0x00000000d5580000)
  object space 392192K, 99% used [0x0000000080000000,0x0000000097ee7f10,0x0000000097f00000)
 Metaspace       used 20620K, committed 21504K, reserved 1114112K
  class space    used 1973K, committed 2304K, reserved 1048576K
}
Event: 9.465 GC heap after
{Heap after GC invocations=179 (full 0):
 PSYoungGen      total 8704K, used 736K [0x00000000d5580000, 0x00000000d6580000, 0x0000000100000000)
  eden space 6656K, 0% used [0x00000000d5580000,0x00000000d5580000,0x00000000d5c00000)
  from space 2048K, 35% used [0x00000000d6200000,0x00000000d62b8000,0x00000000d6400000)
  to   space 1024K, 0% used [0x00000000d6480000,0x00000000d6480000,0x00000000d6580000)
 ParOldGen       total 393216K, used 392705K [0x0000000080000000, 0x0000000098000000, 0x00000000d5580000)
  object space 393216K, 99% used [0x0000000080000000,0x0000000097f804f0,0x0000000098000000)
 Metaspace       used 20620K, committed 21504K, reserved 1114112K
  class space    used 1973K, committed 2304K, reserved 1048576K
}
Event: 9.475 GC heap before
{Heap before GC invocations=180 (full 0):
 PSYoungGen      total 8704K, used 1487K [0x00000000d5580000, 0x00000000d6580000, 0x0000000100000000)
  eden space 6656K, 11% used [0x00000000d5580000,0x00000000d563bf00,0x00000000d5c00000)
  from space 2048K, 35% used [0x00000000d6200000,0x00000000d62b8000,0x00000000d6400000)
  to   space 1024K, 0% used [0x00000000d6480000,0x00000000d6480000,0x00000000d6580000)
 ParOldGen       total 393216K, used 392705K [0x0000000080000000, 0x0000000098000000, 0x00000000d5580000)
  object space 393216K, 99% used [0x0000000080000000,0x0000000097f804f0,0x0000000098000000)
 Metaspace       used 20630K, committed 21504K, reserved 1114112K
  class space    used 1976K, committed 2304K, reserved 1048576K
}
Event: 9.476 GC heap after
{Heap after GC invocations=180 (full 0):
 PSYoungGen      total 7168K, used 320K [0x00000000d5580000, 0x00000000d6500000, 0x0000000100000000)
  eden space 6656K, 0% used [0x00000000d5580000,0x00000000d5580000,0x00000000d5c00000)
  from space 512K, 62% used [0x00000000d6480000,0x00000000d64d0000,0x00000000d6500000)
  to   space 512K, 0% used [0x00000000d6400000,0x00000000d6400000,0x00000000d6480000)
 ParOldGen       total 393728K, used 393235K [0x0000000080000000, 0x0000000098080000, 0x00000000d5580000)
  object space 393728K, 99% used [0x0000000080000000,0x0000000098004d90,0x0000000098080000)
 Metaspace       used 20630K, committed 21504K, reserved 1114112K
  class space    used 1976K, committed 2304K, reserved 1048576K
}
Event: 9.476 GC heap before
{Heap before GC invocations=181 (full 1):
 PSYoungGen      total 7168K, used 320K [0x00000000d5580000, 0x00000000d6500000, 0x0000000100000000)
  eden space 6656K, 0% used [0x00000000d5580000,0x00000000d5580000,0x00000000d5c00000)
  from space 512K, 62% used [0x00000000d6480000,0x00000000d64d0000,0x00000000d6500000)
  to   space 512K, 0% used [0x00000000d6400000,0x00000000d6400000,0x00000000d6480000)
 ParOldGen       total 393728K, used 393235K [0x0000000080000000, 0x0000000098080000, 0x00000000d5580000)
  object space 393728K, 99% used [0x0000000080000000,0x0000000098004d90,0x0000000098080000)
 Metaspace       used 20630K, committed 21504K, reserved 1114112K
  class space    used 1976K, committed 2304K, reserved 1048576K
}
Event: 9.565 GC heap after
{Heap after GC invocations=181 (full 1):
 PSYoungGen      total 7168K, used 0K [0x00000000d5580000, 0x00000000d6500000, 0x0000000100000000)
  eden space 6656K, 0% used [0x00000000d5580000,0x00000000d5580000,0x00000000d5c00000)
  from space 512K, 0% used [0x00000000d6480000,0x00000000d6480000,0x00000000d6500000)
  to   space 512K, 0% used [0x00000000d6400000,0x00000000d6400000,0x00000000d6480000)
 ParOldGen       total 393728K, used 179371K [0x0000000080000000, 0x0000000098080000, 0x00000000d5580000)
  object space 393728K, 45% used [0x0000000080000000,0x000000008af2ada8,0x0000000098080000)
 Metaspace       used 20612K, committed 21504K, reserved 1114112K
  class space    used 1971K, committed 2304K, reserved 1048576K
}
Event: 9.614 GC heap before
{Heap before GC invocations=182 (full 1):
 PSYoungGen      total 7168K, used 6656K [0x00000000d5580000, 0x00000000d6500000, 0x0000000100000000)
  eden space 6656K, 100% used [0x00000000d5580000,0x00000000d5c00000,0x00000000d5c00000)
  from space 512K, 0% used [0x00000000d6480000,0x00000000d6480000,0x00000000d6500000)
  to   space 512K, 0% used [0x00000000d6400000,0x00000000d6400000,0x00000000d6480000)
 ParOldGen       total 393728K, used 179371K [0x0000000080000000, 0x0000000098080000, 0x00000000d5580000)
  object space 393728K, 45% used [0x0000000080000000,0x000000008af2ada8,0x0000000098080000)
 Metaspace       used 20711K, committed 21568K, reserved 1114112K
  class space    used 1977K, committed 2304K, reserved 1048576K
}
Event: 9.616 GC heap after
{Heap after GC invocations=182 (full 1):
 PSYoungGen      total 7168K, used 512K [0x00000000d5580000, 0x00000000d6500000, 0x0000000100000000)
  eden space 6656K, 0% used [0x00000000d5580000,0x00000000d5580000,0x00000000d5c00000)
  from space 512K, 100% used [0x00000000d6400000,0x00000000d6480000,0x00000000d6480000)
  to   space 512K, 0% used [0x00000000d6480000,0x00000000d6480000,0x00000000d6500000)
 ParOldGen       total 393728K, used 179387K [0x0000000080000000, 0x0000000098080000, 0x00000000d5580000)
  object space 393728K, 45% used [0x0000000080000000,0x000000008af2eda8,0x0000000098080000)
 Metaspace       used 20711K, committed 21568K, reserved 1114112K
  class space    used 1977K, committed 2304K, reserved 1048576K
}
Event: 9.663 GC heap before
{Heap before GC invocations=183 (full 1):
 PSYoungGen      total 7168K, used 7168K [0x00000000d5580000, 0x00000000d6500000, 0x0000000100000000)
  eden space 6656K, 100% used [0x00000000d5580000,0x00000000d5c00000,0x00000000d5c00000)
  from space 512K, 100% used [0x00000000d6400000,0x00000000d6480000,0x00000000d6480000)
  to   space 512K, 0% used [0x00000000d6480000,0x00000000d6480000,0x00000000d6500000)
 ParOldGen       total 393728K, used 179387K [0x0000000080000000, 0x0000000098080000, 0x00000000d5580000)
  object space 393728K, 45% used [0x0000000080000000,0x000000008af2eda8,0x0000000098080000)
 Metaspace       used 20752K, committed 21632K, reserved 1114112K
  class space    used 1985K, committed 2304K, reserved 1048576K
}
Event: 9.666 GC heap after
{Heap after GC invocations=183 (full 1):
 PSYoungGen      total 7168K, used 508K [0x00000000d5580000, 0x00000000d6500000, 0x0000000100000000)
  eden space 6656K, 0% used [0x00000000d5580000,0x00000000d5580000,0x00000000d5c00000)
  from space 512K, 99% used [0x00000000d6480000,0x00000000d64ff320,0x00000000d6500000)
  to   space 2048K, 0% used [0x00000000d6100000,0x00000000d6100000,0x00000000d6300000)
 ParOldGen       total 393728K, used 180653K [0x0000000080000000, 0x0000000098080000, 0x00000000d5580000)
  object space 393728K, 45% used [0x0000000080000000,0x000000008b06b418,0x0000000098080000)
 Metaspace       used 20752K, committed 21632K, reserved 1114112K
  class space    used 1985K, committed 2304K, reserved 1048576K
}
Event: 9.709 GC heap before
{Heap before GC invocations=184 (full 1):
 PSYoungGen      total 7168K, used 7164K [0x00000000d5580000, 0x00000000d6500000, 0x0000000100000000)
  eden space 6656K, 100% used [0x00000000d5580000,0x00000000d5c00000,0x00000000d5c00000)
  from space 512K, 99% used [0x00000000d6480000,0x00000000d64ff320,0x00000000d6500000)
  to   space 2048K, 0% used [0x00000000d6100000,0x00000000d6100000,0x00000000d6300000)
 ParOldGen       total 393728K, used 180653K [0x0000000080000000, 0x0000000098080000, 0x00000000d5580000)
  object space 393728K, 45% used [0x0000000080000000,0x000000008b06b418,0x0000000098080000)
 Metaspace       used 20930K, committed 21824K, reserved 1114112K
  class space    used 2029K, committed 2368K, reserved 1048576K
}
Event: 9.712 GC heap after
{Heap after GC invocations=184 (full 1):
 PSYoungGen      total 8704K, used 2048K [0x00000000d5580000, 0x00000000d6500000, 0x0000000100000000)
  eden space 6656K, 0% used [0x00000000d5580000,0x00000000d5580000,0x00000000d5c00000)
  from space 2048K, 100% used [0x00000000d6100000,0x00000000d6300000,0x00000000d6300000)
  to   space 2048K, 0% used [0x00000000d6300000,0x00000000d6300000,0x00000000d6500000)
 ParOldGen       total 393728K, used 181629K [0x0000000080000000, 0x0000000098080000, 0x00000000d5580000)
  object space 393728K, 46% used [0x0000000080000000,0x000000008b15f448,0x0000000098080000)
 Metaspace       used 20930K, committed 21824K, reserved 1114112K
  class space    used 2029K, committed 2368K, reserved 1048576K
}

