# JRE version: OpenJDK Runtime Environment Temurin-21.0.9+10 (21.0.9+10) (build 21.0.9+10-LTS)
# Java VM: OpenJDK 64-Bit Server VM Temurin-21.0.9+10 (21.0.9+10-LTS, mixed mode, sharing, tiered, compressed oops, compressed class ptrs, parallel gc, windows-amd64)
GC Precious Log:
 CardTable entry size: 512
 CPUs: 12 total, 12 available
 Memory: 7876M
 Large Page Support: Disabled
 NUMA Support: Disabled
 Compressed Oops: Enabled (32-bit)
 Alignments: Space 512K, Generation 512K, Heap 2M
 Heap Min Capacity: 100M
 Heap Initial Capacity: 100M
 Heap Max Capacity: 2G
 Pre-touch: Disabled
 Parallel Workers: 10
Heap:
 PSYoungGen      total 22528K, used 22472K [0x00000000d5580000, 0x00000000d7880000, 0x0000000100000000)
  eden space 13312K, 100% used [0x00000000d5580000,0x00000000d6280000,0x00000000d6280000)
  from space 9216K, 99% used [0x00000000d6280000,0x00000000d6b72000,0x00000000d6b80000)
  to   space 9728K, 80% used [0x00000000d6f00000,0x00000000d76b0000,0x00000000d7880000)
 ParOldGen       total 453632K, used 453352K [0x0000000080000000, 0x000000009bb00000, 0x00000000d5580000)
  object space 453632K, 99% used [0x0000000080000000,0x000000009baba018,0x000000009bb00000)
 Metaspace       used 27040K, committed 28096K, reserved 1114112K
  class space    used 2772K, committed 3200K, reserved 1048576K
GC Heap History (20 events):
Event: 42.726 GC heap after
{Heap after GC invocations=217 (full 1):
 PSYoungGen      total 28160K, used 13924K [0x00000000d5580000, 0x00000000d7f80000, 0x0000000100000000)
  eden space 13824K, 0% used [0x00000000d5580000,0x00000000d5580000,0x00000000d6300000)
  from space 14336K, 97% used [0x00000000d7180000,0x00000000d7f190a8,0x00000000d7f80000)
  to   space 14336K, 0% used [0x00000000d6300000,0x00000000d6300000,0x00000000d7100000)
 ParOldGen       total 356864K, used 356536K [0x0000000080000000, 0x0000000095c80000, 0x00000000d5580000)
  object space 356864K, 99% used [0x0000000080000000,0x0000000095c2e038,0x0000000095c80000)
 Metaspace       used 26150K, committed 27072K, reserved 1114112K
  class space    used 2622K, committed 3008K, reserved 1048576K
}
Event: 43.138 GC heap before
{Heap before GC invocations=218 (full 1):
 PSYoungGen      total 28160K, used 27748K [0x00000000d5580000, 0x00000000d7f80000, 0x0000000100000000)
  eden space 13824K, 100% used [0x00000000d5580000,0x00000000d6300000,0x00000000d6300000)
  from space 14336K, 97% used [0x00000000d7180000,0x00000000d7f190a8,0x00000000d7f80000)
  to   space 14336K, 0% used [0x00000000d6300000,0x00000000d6300000,0x00000000d7100000)
 ParOldGen       total 356864K, used 356536K [0x0000000080000000, 0x0000000095c80000, 0x00000000d5580000)
  object space 356864K, 99% used [0x0000000080000000,0x0000000095c2e038,0x0000000095c80000)
 Metaspace       used 26187K, committed 27136K, reserved 1114112K
  class space    used 2623K, committed 3008K, reserved 1048576K
}
Event: 43.169 GC heap after
{Heap after GC invocations=218 (full 1):
 PSYoungGen      total 24576K, used 10329K [0x00000000d5580000, 0x00000000d7a00000, 0x0000000100000000)
  eden space 13824K, 0% used [0x00000000d5580000,0x00000000d5580000,0x00000000d6300000)
  from space 10752K, 96% used [0x00000000d6300000,0x00000000d6d16470,0x00000000d6d80000)
  to   space 11776K, 0% used [0x00000000d6e80000,0x00000000d6e80000,0x00000000d7a00000)
 ParOldGen       total 368640K, used 368340K [0x0000000080000000, 0x0000000096800000, 0x00000000d5580000)
  object space 368640K, 99% used [0x0000000080000000,0x00000000967b5280,0x0000000096800000)
 Metaspace       used 26187K, committed 27136K, reserved 1114112K
  class space    used 2623K, committed 3008K, reserved 1048576K
}
Event: 43.215 GC heap before
{Heap before GC invocations=219 (full 1):
 PSYoungGen      total 24576K, used 24153K [0x00000000d5580000, 0x00000000d7a00000, 0x0000000100000000)
  eden space 13824K, 100% used [0x00000000d5580000,0x00000000d6300000,0x00000000d6300000)
  from space 10752K, 96% used [0x00000000d6300000,0x00000000d6d16470,0x00000000d6d80000)
  to   space 11776K, 0% used [0x00000000d6e80000,0x00000000d6e80000,0x00000000d7a00000)
 ParOldGen       total 368640K, used 368340K [0x0000000080000000, 0x0000000096800000, 0x00000000d5580000)
  object space 368640K, 99% used [0x0000000080000000,0x00000000967b5280,0x0000000096800000)
 Metaspace       used 26191K, committed 27136K, reserved 1114112K
  class space    used 2623K, committed 3008K, reserved 1048576K
}
Event: 43.228 GC heap after
{Heap after GC invocations=219 (full 1):
 PSYoungGen      total 22528K, used 8244K [0x00000000d5580000, 0x00000000d7700000, 0x0000000100000000)
  eden space 13824K, 0% used [0x00000000d5580000,0x00000000d5580000,0x00000000d6300000)
  from space 8704K, 94% used [0x00000000d6e80000,0x00000000d768d060,0x00000000d7700000)
  to   space 9728K, 0% used [0x00000000d6400000,0x00000000d6400000,0x00000000d6d80000)
 ParOldGen       total 378880K, used 378532K [0x0000000080000000, 0x0000000097200000, 0x00000000d5580000)
  object space 378880K, 99% used [0x0000000080000000,0x00000000971a9390,0x0000000097200000)
 Metaspace       used 26191K, committed 27136K, reserved 1114112K
  class space    used 2623K, committed 3008K, reserved 1048576K
}
Event: 43.368 GC heap before
{Heap before GC invocations=220 (full 1):
 PSYoungGen      total 22528K, used 22068K [0x00000000d5580000, 0x00000000d7700000, 0x0000000100000000)
  eden space 13824K, 100% used [0x00000000d5580000,0x00000000d6300000,0x00000000d6300000)
  from space 8704K, 94% used [0x00000000d6e80000,0x00000000d768d060,0x00000000d7700000)
  to   space 9728K, 0% used [0x00000000d6400000,0x00000000d6400000,0x00000000d6d80000)
 ParOldGen       total 378880K, used 378532K [0x0000000080000000, 0x0000000097200000, 0x00000000d5580000)
  object space 378880K, 99% used [0x0000000080000000,0x00000000971a9390,0x0000000097200000)
 Metaspace       used 26253K, committed 27200K, reserved 1114112K
  class space    used 2631K, committed 3008K, reserved 1048576K
}
Event: 43.378 GC heap after
{Heap after GC invocations=220 (full 1):
 PSYoungGen      total 20992K, used 6775K [0x00000000d5580000, 0x00000000d7200000, 0x0000000100000000)
  eden space 13824K, 0% used [0x00000000d5580000,0x00000000d5580000,0x00000000d6300000)
  from space 7168K, 94% used [0x00000000d6400000,0x00000000d6a9dce8,0x00000000d6b00000)
  to   space 7168K, 0% used [0x00000000d6b00000,0x00000000d6b00000,0x00000000d7200000)
 ParOldGen       total 386560K, used 386548K [0x0000000080000000, 0x0000000097980000, 0x00000000d5580000)
  object space 386560K, 99% used [0x0000000080000000,0x000000009797d210,0x0000000097980000)
 Metaspace       used 26253K, committed 27200K, reserved 1114112K
  class space    used 2631K, committed 3008K, reserved 1048576K
}
Event: 43.479 GC heap before
{Heap before GC invocations=221 (full 1):
 PSYoungGen      total 20992K, used 20571K [0x00000000d5580000, 0x00000000d7200000, 0x0000000100000000)
  eden space 13824K, 99% used [0x00000000d5580000,0x00000000d62f9228,0x00000000d6300000)
  from space 7168K, 94% used [0x00000000d6400000,0x00000000d6a9dce8,0x00000000d6b00000)
  to   space 7168K, 0% used [0x00000000d6b00000,0x00000000d6b00000,0x00000000d7200000)
 ParOldGen       total 386560K, used 386548K [0x0000000080000000, 0x0000000097980000, 0x00000000d5580000)
  object space 386560K, 99% used [0x0000000080000000,0x000000009797d210,0x0000000097980000)
 Metaspace       used 26486K, committed 27520K, reserved 1114112K
  class space    used 2672K, committed 3072K, reserved 1048576K
}
Event: 43.487 GC heap after
{Heap after GC invocations=221 (full 1):
 PSYoungGen      total 17920K, used 3762K [0x00000000d5580000, 0x00000000d6f00000, 0x0000000100000000)
  eden space 13824K, 0% used [0x00000000d5580000,0x00000000d5580000,0x00000000d6300000)
  from space 4096K, 91% used [0x00000000d6b00000,0x00000000d6eacb78,0x00000000d6f00000)
  to   space 5120K, 0% used [0x00000000d6500000,0x00000000d6500000,0x00000000d6a00000)
 ParOldGen       total 393216K, used 393200K [0x0000000080000000, 0x0000000098000000, 0x00000000d5580000)
  object space 393216K, 99% used [0x0000000080000000,0x0000000097ffc2c0,0x0000000098000000)
 Metaspace       used 26486K, committed 27520K, reserved 1114112K
  class space    used 2672K, committed 3072K, reserved 1048576K
}
Event: 46.696 GC heap before
{Heap before GC invocations=222 (full 1):
 PSYoungGen      total 17920K, used 17586K [0x00000000d5580000, 0x00000000d6f00000, 0x0000000100000000)
  eden space 13824K, 100% used [0x00000000d5580000,0x00000000d6300000,0x00000000d6300000)
  from space 4096K, 91% used [0x00000000d6b00000,0x00000000d6eacb78,0x00000000d6f00000)
  to   space 5120K, 0% used [0x00000000d6500000,0x00000000d6500000,0x00000000d6a00000)
 ParOldGen       total 400896K, used 400860K [0x0000000080000000, 0x0000000098780000, 0x00000000d5580000)
  object space 400896K, 99% used [0x0000000080000000,0x00000000987772d0,0x0000000098780000)
 Metaspace       used 26711K, committed 27712K, reserved 1114112K
  class space    used 2730K, committed 3136K, reserved 1048576K
}
Event: 46.717 GC heap after
{Heap after GC invocations=222 (full 1):
 PSYoungGen      total 16384K, used 2073K [0x00000000d5580000, 0x00000000d6b80000, 0x0000000100000000)
  eden space 13824K, 0% used [0x00000000d5580000,0x00000000d5580000,0x00000000d6300000)
  from space 2560K, 81% used [0x00000000d6500000,0x00000000d67067b0,0x00000000d6780000)
  to   space 3072K, 0% used [0x00000000d6880000,0x00000000d6880000,0x00000000d6b80000)
 ParOldGen       total 403456K, used 403101K [0x0000000080000000, 0x0000000098a00000, 0x00000000d5580000)
  object space 403456K, 99% used [0x0000000080000000,0x00000000989a7778,0x0000000098a00000)
 Metaspace       used 26711K, committed 27712K, reserved 1114112K
  class space    used 2730K, committed 3136K, reserved 1048576K
}
Event: 46.818 GC heap before
{Heap before GC invocations=223 (full 1):
 PSYoungGen      total 16384K, used 15897K [0x00000000d5580000, 0x00000000d6b80000, 0x0000000100000000)
  eden space 13824K, 100% used [0x00000000d5580000,0x00000000d6300000,0x00000000d6300000)
  from space 2560K, 81% used [0x00000000d6500000,0x00000000d67067b0,0x00000000d6780000)
  to   space 3072K, 0% used [0x00000000d6880000,0x00000000d6880000,0x00000000d6b80000)
 ParOldGen       total 430080K, used 429431K [0x0000000080000000, 0x000000009a400000, 0x00000000d5580000)
  object space 430080K, 99% used [0x0000000080000000,0x000000009a35dd28,0x000000009a400000)
 Metaspace       used 26836K, committed 27840K, reserved 1114112K
  class space    used 2744K, committed 3136K, reserved 1048576K
}
Event: 46.824 GC heap after
{Heap after GC invocations=223 (full 1):
 PSYoungGen      total 14848K, used 576K [0x00000000d5580000, 0x00000000d6980000, 0x0000000100000000)
  eden space 13824K, 0% used [0x00000000d5580000,0x00000000d5580000,0x00000000d6300000)
  from space 1024K, 56% used [0x00000000d6880000,0x00000000d6910000,0x00000000d6980000)
  to   space 1536K, 0% used [0x00000000d6680000,0x00000000d6680000,0x00000000d6800000)
 ParOldGen       total 430080K, used 429793K [0x0000000080000000, 0x000000009a400000, 0x00000000d5580000)
  object space 430080K, 99% used [0x0000000080000000,0x000000009a3b8648,0x000000009a400000)
 Metaspace       used 26836K, committed 27840K, reserved 1114112K
  class space    used 2744K, committed 3136K, reserved 1048576K
}
Event: 46.886 GC heap before
{Heap before GC invocations=224 (full 1):
 PSYoungGen      total 14848K, used 14400K [0x00000000d5580000, 0x00000000d6980000, 0x0000000100000000)
  eden space 13824K, 100% used [0x00000000d5580000,0x00000000d6300000,0x00000000d6300000)
  from space 1024K, 56% used [0x00000000d6880000,0x00000000d6910000,0x00000000d6980000)
  to   space 1536K, 0% used [0x00000000d6680000,0x00000000d6680000,0x00000000d6800000)
 ParOldGen       total 430080K, used 429793K [0x0000000080000000, 0x000000009a400000, 0x00000000d5580000)
  object space 430080K, 99% used [0x0000000080000000,0x000000009a3b8648,0x000000009a400000)
 Metaspace       used 26983K, committed 27968K, reserved 1114112K
  class space    used 2764K, committed 3136K, reserved 1048576K
}
Event: 46.892 GC heap after
{Heap after GC invocations=224 (full 1):
 PSYoungGen      total 15360K, used 1536K [0x00000000d5580000, 0x00000000d7400000, 0x0000000100000000)
  eden space 13824K, 0% used [0x00000000d5580000,0x00000000d5580000,0x00000000d6300000)
  from space 1536K, 100% used [0x00000000d6680000,0x00000000d6800000,0x00000000d6800000)
  to   space 8704K, 0% used [0x00000000d6b80000,0x00000000d6b80000,0x00000000d7400000)
 ParOldGen       total 435712K, used 435609K [0x0000000080000000, 0x000000009a980000, 0x00000000d5580000)
  object space 435712K, 99% used [0x0000000080000000,0x000000009a966658,0x000000009a980000)
 Metaspace       used 26983K, committed 27968K, reserved 1114112K
  class space    used 2764K, committed 3136K, reserved 1048576K
}
Event: 46.929 GC heap before
{Heap before GC invocations=225 (full 1):
 PSYoungGen      total 15360K, used 15360K [0x00000000d5580000, 0x00000000d7400000, 0x0000000100000000)
  eden space 13824K, 100% used [0x00000000d5580000,0x00000000d6300000,0x00000000d6300000)
  from space 1536K, 100% used [0x00000000d6680000,0x00000000d6800000,0x00000000d6800000)
  to   space 8704K, 0% used [0x00000000d6b80000,0x00000000d6b80000,0x00000000d7400000)
 ParOldGen       total 435712K, used 435609K [0x0000000080000000, 0x000000009a980000, 0x00000000d5580000)
  object space 435712K, 99% used [0x0000000080000000,0x000000009a966658,0x000000009a980000)
 Metaspace       used 27020K, committed 28032K, reserved 1114112K
  class space    used 2772K, committed 3200K, reserved 1048576K
}
Event: 46.935 GC heap after
{Heap after GC invocations=225 (full 1):
 PSYoungGen      total 22016K, used 8320K [0x00000000d5580000, 0x00000000d7500000, 0x0000000100000000)
  eden space 13312K, 0% used [0x00000000d5580000,0x00000000d5580000,0x00000000d6280000)
  from space 8704K, 95% used [0x00000000d6b80000,0x00000000d73a0000,0x00000000d7400000)
  to   space 9216K, 0% used [0x00000000d6280000,0x00000000d6280000,0x00000000d6b80000)
 ParOldGen       total 437248K, used 437184K [0x0000000080000000, 0x000000009ab00000, 0x00000000d5580000)
  object space 437248K, 99% used [0x0000000080000000,0x000000009aaf0008,0x000000009ab00000)
 Metaspace       used 27020K, committed 28032K, reserved 1114112K
  class space    used 2772K, committed 3200K, reserved 1048576K
}
Event: 46.970 GC heap before
{Heap before GC invocations=226 (full 1):
 PSYoungGen      total 22016K, used 21632K [0x00000000d5580000, 0x00000000d7500000, 0x0000000100000000)
  eden space 13312K, 100% used [0x00000000d5580000,0x00000000d6280000,0x00000000d6280000)
  from space 8704K, 95% used [0x00000000d6b80000,0x00000000d73a0000,0x00000000d7400000)
  to   space 9216K, 0% used [0x00000000d6280000,0x00000000d6280000,0x00000000d6b80000)
 ParOldGen       total 437248K, used 437184K [0x0000000080000000, 0x000000009ab00000, 0x00000000d5580000)
  object space 437248K, 99% used [0x0000000080000000,0x000000009aaf0008,0x000000009ab00000)
 Metaspace       used 27035K, committed 28096K, reserved 1114112K
  class space    used 2772K, committed 3200K, reserved 1048576K
}
Event: 48.996 GC heap after
{Heap after GC invocations=226 (full 1):
 PSYoungGen      total 22528K, used 9160K [0x00000000d5580000, 0x00000000d7880000, 0x0000000100000000)
  eden space 13312K, 0% used [0x00000000d5580000,0x00000000d5580000,0x00000000d6280000)
  from space 9216K, 99% used [0x00000000d6280000,0x00000000d6b72000,0x00000000d6b80000)
  to   space 9728K, 0% used [0x00000000d6f00000,0x00000000d6f00000,0x00000000d7880000)
 ParOldGen       total 445440K, used 445392K [0x0000000080000000, 0x000000009b300000, 0x00000000d5580000)
  object space 445440K, 99% used [0x0000000080000000,0x000000009b2f4008,0x000000009b300000)
 Metaspace       used 27035K, committed 28096K, reserved 1114112K
  class space    used 2772K, committed 3200K, reserved 1048576K
}
Event: 49.078 GC heap before
{Heap before GC invocations=227 (full 1):
 PSYoungGen      total 22528K, used 22472K [0x00000000d5580000, 0x00000000d7880000, 0x0000000100000000)
  eden space 13312K, 100% used [0x00000000d5580000,0x00000000d6280000,0x00000000d6280000)
  from space 9216K, 99% used [0x00000000d6280000,0x00000000d6b72000,0x00000000d6b80000)
  to   space 9728K, 0% used [0x00000000d6f00000,0x00000000d6f00000,0x00000000d7880000)
 ParOldGen       total 445440K, used 445392K [0x0000000080000000, 0x000000009b300000, 0x00000000d5580000)
  object space 445440K, 99% used [0x0000000080000000,0x000000009b2f4008,0x000000009b300000)
 Metaspace       used 27040K, committed 28096K, reserved 1114112K
  class space    used 2772K, committed 3200K, reserved 1048576K
}

