# JRE version: OpenJDK Runtime Environment Temurin-21.0.9+10 (21.0.9+10) (build 21.0.9+10-LTS)
# Java VM: OpenJDK 64-Bit Server VM Temurin-21.0.9+10 (21.0.9+10-LTS, mixed mode, sharing, tiered, compressed oops, compressed class ptrs, parallel gc, windows-amd64)
GC Precious Log:
 CardTable entry size: 512
 CPUs: 12 total, 12 available
 Memory: 7876M
 Large Page Support: Disabled
 NUMA Support: Disabled
 Compressed Oops: Enabled (32-bit)
 Alignments: Space 512K, Generation 512K, Heap 2M
 Heap Min Capacity: 100M
 Heap Initial Capacity: 100M
 Heap Max Capacity: 2G
 Pre-touch: Disabled
 Parallel Workers: 10
Heap:
 PSYoungGen      total 2560K, used 2400K [0x00000000d5580000, 0x00000000d5980000, 0x0000000100000000)
  eden space 2048K, 100% used [0x00000000d5580000,0x00000000d5780000,0x00000000d5780000)
  from space 512K, 68% used [0x00000000d5900000,0x00000000d5958000,0x00000000d5980000)
  to   space 512K, 95% used [0x00000000d5880000,0x00000000d58f9f88,0x00000000d5900000)
 ParOldGen       total 320512K, used 320508K [0x0000000080000000, 0x0000000093900000, 0x00000000d5580000)
  object space 320512K, 99% used [0x0000000080000000,0x00000000938ff308,0x0000000093900000)
 Metaspace       used 32569K, committed 33728K, reserved 1114112K
  class space    used 2798K, committed 3328K, reserved 1048576K
GC Heap History (20 events):
Event: 504.129 GC heap before
{Heap before GC invocations=354 (full 2):
 PSYoungGen      total 2560K, used 2432K [0x00000000d5580000, 0x00000000d5a00000, 0x0000000100000000)
  eden space 2048K, 100% used [0x00000000d5580000,0x00000000d5780000,0x00000000d5780000)
  from space 512K, 75% used [0x00000000d5780000,0x00000000d57e0000,0x00000000d5800000)
  to   space 512K, 0% used [0x00000000d5980000,0x00000000d5980000,0x00000000d5a00000)
 ParOldGen       total 314880K, used 314821K [0x0000000080000000, 0x0000000093380000, 0x00000000d5580000)
  object space 314880K, 99% used [0x0000000080000000,0x00000000933717c8,0x0000000093380000)
 Metaspace       used 32549K, committed 33664K, reserved 1114112K
  class space    used 2798K, committed 3328K, reserved 1048576K
}
Event: 504.132 GC heap after
{Heap after GC invocations=354 (full 2):
 PSYoungGen      total 2560K, used 256K [0x00000000d5580000, 0x00000000d5a00000, 0x0000000100000000)
  eden space 2048K, 0% used [0x00000000d5580000,0x00000000d5580000,0x00000000d5780000)
  from space 512K, 50% used [0x00000000d5980000,0x00000000d59c0000,0x00000000d5a00000)
  to   space 512K, 0% used [0x00000000d5780000,0x00000000d5780000,0x00000000d5800000)
 ParOldGen       total 315392K, used 315128K [0x0000000080000000, 0x0000000093400000, 0x00000000d5580000)
  object space 315392K, 99% used [0x0000000080000000,0x00000000933be0d8,0x0000000093400000)
 Metaspace       used 32549K, committed 33664K, reserved 1114112K
  class space    used 2798K, committed 3328K, reserved 1048576K
}
Event: 504.273 GC heap before
{Heap before GC invocations=355 (full 2):
 PSYoungGen      total 2560K, used 2303K [0x00000000d5580000, 0x00000000d5a00000, 0x0000000100000000)
  eden space 2048K, 99% used [0x00000000d5580000,0x00000000d577ffa0,0x00000000d5780000)
  from space 512K, 50% used [0x00000000d5980000,0x00000000d59c0000,0x00000000d5a00000)
  to   space 512K, 0% used [0x00000000d5780000,0x00000000d5780000,0x00000000d5800000)
 ParOldGen       total 315392K, used 315128K [0x0000000080000000, 0x0000000093400000, 0x00000000d5580000)
  object space 315392K, 99% used [0x0000000080000000,0x00000000933be0d8,0x0000000093400000)
 Metaspace       used 32550K, committed 33728K, reserved 1114112K
  class space    used 2798K, committed 3328K, reserved 1048576K
}
Event: 504.278 GC heap after
{Heap after GC invocations=355 (full 2):
 PSYoungGen      total 2560K, used 481K [0x00000000d5580000, 0x00000000d5a80000, 0x0000000100000000)
  eden space 2048K, 0% used [0x00000000d5580000,0x00000000d5580000,0x00000000d5780000)
  from space 512K, 93% used [0x00000000d5780000,0x00000000d57f8448,0x00000000d5800000)
  to   space 1536K, 0% used [0x00000000d5900000,0x00000000d5900000,0x00000000d5a80000)
 ParOldGen       total 316416K, used 315985K [0x0000000080000000, 0x0000000093500000, 0x00000000d5580000)
  object space 316416K, 99% used [0x0000000080000000,0x0000000093494520,0x0000000093500000)
 Metaspace       used 32550K, committed 33728K, reserved 1114112K
  class space    used 2798K, committed 3328K, reserved 1048576K
}
Event: 504.282 GC heap before
{Heap before GC invocations=356 (full 2):
 PSYoungGen      total 2560K, used 2529K [0x00000000d5580000, 0x00000000d5a80000, 0x0000000100000000)
  eden space 2048K, 100% used [0x00000000d5580000,0x00000000d5780000,0x00000000d5780000)
  from space 512K, 93% used [0x00000000d5780000,0x00000000d57f8448,0x00000000d5800000)
  to   space 1536K, 0% used [0x00000000d5900000,0x00000000d5900000,0x00000000d5a80000)
 ParOldGen       total 316416K, used 315985K [0x0000000080000000, 0x0000000093500000, 0x00000000d5580000)
  object space 316416K, 99% used [0x0000000080000000,0x0000000093494520,0x0000000093500000)
 Metaspace       used 32550K, committed 33728K, reserved 1114112K
  class space    used 2798K, committed 3328K, reserved 1048576K
}
Event: 506.297 GC heap after
{Heap after GC invocations=356 (full 2):
 PSYoungGen      total 3584K, used 1536K [0x00000000d5580000, 0x00000000d5a80000, 0x0000000100000000)
  eden space 2048K, 0% used [0x00000000d5580000,0x00000000d5580000,0x00000000d5780000)
  from space 1536K, 100% used [0x00000000d5900000,0x00000000d5a80000,0x00000000d5a80000)
  to   space 512K, 0% used [0x00000000d5780000,0x00000000d5780000,0x00000000d5800000)
 ParOldGen       total 317440K, used 316940K [0x0000000080000000, 0x0000000093600000, 0x00000000d5580000)
  object space 317440K, 99% used [0x0000000080000000,0x0000000093583278,0x0000000093600000)
 Metaspace       used 32550K, committed 33728K, reserved 1114112K
  class space    used 2798K, committed 3328K, reserved 1048576K
}
Event: 506.305 GC heap before
{Heap before GC invocations=357 (full 2):
 PSYoungGen      total 3584K, used 3584K [0x00000000d5580000, 0x00000000d5a80000, 0x0000000100000000)
  eden space 2048K, 100% used [0x00000000d5580000,0x00000000d5780000,0x00000000d5780000)
  from space 1536K, 100% used [0x00000000d5900000,0x00000000d5a80000,0x00000000d5a80000)
  to   space 512K, 0% used [0x00000000d5780000,0x00000000d5780000,0x00000000d5800000)
 ParOldGen       total 317440K, used 316940K [0x0000000080000000, 0x0000000093600000, 0x00000000d5580000)
  object space 317440K, 99% used [0x0000000080000000,0x0000000093583278,0x0000000093600000)
 Metaspace       used 32550K, committed 33728K, reserved 1114112K
  class space    used 2798K, committed 3328K, reserved 1048576K
}
Event: 508.325 GC heap after
{Heap after GC invocations=357 (full 2):
 PSYoungGen      total 2560K, used 512K [0x00000000d5580000, 0x00000000d5a80000, 0x0000000100000000)
  eden space 2048K, 0% used [0x00000000d5580000,0x00000000d5580000,0x00000000d5780000)
  from space 512K, 100% used [0x00000000d5780000,0x00000000d5800000,0x00000000d5800000)
  to   space 1536K, 0% used [0x00000000d5900000,0x00000000d5900000,0x00000000d5a80000)
 ParOldGen       total 318976K, used 318836K [0x0000000080000000, 0x0000000093780000, 0x00000000d5580000)
  object space 318976K, 99% used [0x0000000080000000,0x000000009375d278,0x0000000093780000)
 Metaspace       used 32550K, committed 33728K, reserved 1114112K
  class space    used 2798K, committed 3328K, reserved 1048576K
}
Event: 508.336 GC heap before
{Heap before GC invocations=358 (full 2):
 PSYoungGen      total 2560K, used 2560K [0x00000000d5580000, 0x00000000d5a80000, 0x0000000100000000)
  eden space 2048K, 100% used [0x00000000d5580000,0x00000000d5780000,0x00000000d5780000)
  from space 512K, 100% used [0x00000000d5780000,0x00000000d5800000,0x00000000d5800000)
  to   space 1536K, 0% used [0x00000000d5900000,0x00000000d5900000,0x00000000d5a80000)
 ParOldGen       total 318976K, used 318836K [0x0000000080000000, 0x0000000093780000, 0x00000000d5580000)
  object space 318976K, 99% used [0x0000000080000000,0x000000009375d278,0x0000000093780000)
 Metaspace       used 32550K, committed 33728K, reserved 1114112K
  class space    used 2798K, committed 3328K, reserved 1048576K
}
Event: 508.338 GC heap after
{Heap after GC invocations=358 (full 2):
 PSYoungGen      total 3584K, used 384K [0x00000000d5580000, 0x00000000d5a80000, 0x0000000100000000)
  eden space 2048K, 0% used [0x00000000d5580000,0x00000000d5580000,0x00000000d5780000)
  from space 1536K, 25% used [0x00000000d5900000,0x00000000d5960000,0x00000000d5a80000)
  to   space 1536K, 0% used [0x00000000d5780000,0x00000000d5780000,0x00000000d5900000)
 ParOldGen       total 319488K, used 319380K [0x0000000080000000, 0x0000000093800000, 0x00000000d5580000)
  object space 319488K, 99% used [0x0000000080000000,0x00000000937e5278,0x0000000093800000)
 Metaspace       used 32550K, committed 33728K, reserved 1114112K
  class space    used 2798K, committed 3328K, reserved 1048576K
}
Event: 508.346 GC heap before
{Heap before GC invocations=359 (full 2):
 PSYoungGen      total 3584K, used 2431K [0x00000000d5580000, 0x00000000d5a80000, 0x0000000100000000)
  eden space 2048K, 99% used [0x00000000d5580000,0x00000000d577ffb8,0x00000000d5780000)
  from space 1536K, 25% used [0x00000000d5900000,0x00000000d5960000,0x00000000d5a80000)
  to   space 1536K, 0% used [0x00000000d5780000,0x00000000d5780000,0x00000000d5900000)
 ParOldGen       total 319488K, used 319380K [0x0000000080000000, 0x0000000093800000, 0x00000000d5580000)
  object space 319488K, 99% used [0x0000000080000000,0x00000000937e5278,0x0000000093800000)
 Metaspace       used 32551K, committed 33728K, reserved 1114112K
  class space    used 2798K, committed 3328K, reserved 1048576K
}
Event: 508.347 GC heap after
{Heap after GC invocations=359 (full 2):
 PSYoungGen      total 3584K, used 320K [0x00000000d5580000, 0x00000000d5980000, 0x0000000100000000)
  eden space 2048K, 0% used [0x00000000d5580000,0x00000000d5580000,0x00000000d5780000)
  from space 1536K, 20% used [0x00000000d5780000,0x00000000d57d0000,0x00000000d5900000)
  to   space 512K, 0% used [0x00000000d5900000,0x00000000d5900000,0x00000000d5980000)
 ParOldGen       total 320000K, used 319532K [0x0000000080000000, 0x0000000093880000, 0x00000000d5580000)
  object space 320000K, 99% used [0x0000000080000000,0x000000009380b278,0x0000000093880000)
 Metaspace       used 32551K, committed 33728K, reserved 1114112K
  class space    used 2798K, committed 3328K, reserved 1048576K
}
Event: 508.356 GC heap before
{Heap before GC invocations=360 (full 2):
 PSYoungGen      total 3584K, used 2368K [0x00000000d5580000, 0x00000000d5980000, 0x0000000100000000)
  eden space 2048K, 100% used [0x00000000d5580000,0x00000000d5780000,0x00000000d5780000)
  from space 1536K, 20% used [0x00000000d5780000,0x00000000d57d0000,0x00000000d5900000)
  to   space 512K, 0% used [0x00000000d5900000,0x00000000d5900000,0x00000000d5980000)
 ParOldGen       total 320000K, used 319532K [0x0000000080000000, 0x0000000093880000, 0x00000000d5580000)
  object space 320000K, 99% used [0x0000000080000000,0x000000009380b278,0x0000000093880000)
 Metaspace       used 32559K, committed 33728K, reserved 1114112K
  class space    used 2798K, committed 3328K, reserved 1048576K
}
Event: 508.357 GC heap after
{Heap after GC invocations=360 (full 2):
 PSYoungGen      total 2560K, used 320K [0x00000000d5580000, 0x00000000d5980000, 0x0000000100000000)
  eden space 2048K, 0% used [0x00000000d5580000,0x00000000d5580000,0x00000000d5780000)
  from space 512K, 62% used [0x00000000d5900000,0x00000000d5950000,0x00000000d5980000)
  to   space 512K, 0% used [0x00000000d5880000,0x00000000d5880000,0x00000000d5900000)
 ParOldGen       total 320000K, used 319564K [0x0000000080000000, 0x0000000093880000, 0x00000000d5580000)
  object space 320000K, 99% used [0x0000000080000000,0x0000000093813278,0x0000000093880000)
 Metaspace       used 32559K, committed 33728K, reserved 1114112K
  class space    used 2798K, committed 3328K, reserved 1048576K
}
Event: 508.387 GC heap before
{Heap before GC invocations=361 (full 2):
 PSYoungGen      total 2560K, used 2368K [0x00000000d5580000, 0x00000000d5980000, 0x0000000100000000)
  eden space 2048K, 100% used [0x00000000d5580000,0x00000000d5780000,0x00000000d5780000)
  from space 512K, 62% used [0x00000000d5900000,0x00000000d5950000,0x00000000d5980000)
  to   space 512K, 0% used [0x00000000d5880000,0x00000000d5880000,0x00000000d5900000)
 ParOldGen       total 320000K, used 319564K [0x0000000080000000, 0x0000000093880000, 0x00000000d5580000)
  object space 320000K, 99% used [0x0000000080000000,0x0000000093813278,0x0000000093880000)
 Metaspace       used 32561K, committed 33728K, reserved 1114112K
  class space    used 2798K, committed 3328K, reserved 1048576K
}
Event: 508.388 GC heap after
{Heap after GC invocations=361 (full 2):
 PSYoungGen      total 2560K, used 288K [0x00000000d5580000, 0x00000000d5980000, 0x0000000100000000)
  eden space 2048K, 0% used [0x00000000d5580000,0x00000000d5580000,0x00000000d5780000)
  from space 512K, 56% used [0x00000000d5880000,0x00000000d58c8000,0x00000000d5900000)
  to   space 512K, 0% used [0x00000000d5900000,0x00000000d5900000,0x00000000d5980000)
 ParOldGen       total 320000K, used 319604K [0x0000000080000000, 0x0000000093880000, 0x00000000d5580000)
  object space 320000K, 99% used [0x0000000080000000,0x000000009381d278,0x0000000093880000)
 Metaspace       used 32561K, committed 33728K, reserved 1114112K
  class space    used 2798K, committed 3328K, reserved 1048576K
}
Event: 508.412 GC heap before
{Heap before GC invocations=362 (full 2):
 PSYoungGen      total 2560K, used 2335K [0x00000000d5580000, 0x00000000d5980000, 0x0000000100000000)
  eden space 2048K, 99% used [0x00000000d5580000,0x00000000d577fdc8,0x00000000d5780000)
  from space 512K, 56% used [0x00000000d5880000,0x00000000d58c8000,0x00000000d5900000)
  to   space 512K, 0% used [0x00000000d5900000,0x00000000d5900000,0x00000000d5980000)
 ParOldGen       total 320000K, used 319604K [0x0000000080000000, 0x0000000093880000, 0x00000000d5580000)
  object space 320000K, 99% used [0x0000000080000000,0x000000009381d278,0x0000000093880000)
 Metaspace       used 32561K, committed 33728K, reserved 1114112K
  class space    used 2798K, committed 3328K, reserved 1048576K
}
Event: 508.413 GC heap after
{Heap after GC invocations=362 (full 2):
 PSYoungGen      total 2560K, used 480K [0x00000000d5580000, 0x00000000d5980000, 0x0000000100000000)
  eden space 2048K, 0% used [0x00000000d5580000,0x00000000d5580000,0x00000000d5780000)
  from space 512K, 93% used [0x00000000d5900000,0x00000000d5978050,0x00000000d5980000)
  to   space 1024K, 0% used [0x00000000d5780000,0x00000000d5780000,0x00000000d5880000)
 ParOldGen       total 320000K, used 319748K [0x0000000080000000, 0x0000000093880000, 0x00000000d5580000)
  object space 320000K, 99% used [0x0000000080000000,0x00000000938412a8,0x0000000093880000)
 Metaspace       used 32561K, committed 33728K, reserved 1114112K
  class space    used 2798K, committed 3328K, reserved 1048576K
}
Event: 508.419 GC heap before
{Heap before GC invocations=363 (full 2):
 PSYoungGen      total 2560K, used 2528K [0x00000000d5580000, 0x00000000d5980000, 0x0000000100000000)
  eden space 2048K, 100% used [0x00000000d5580000,0x00000000d5780000,0x00000000d5780000)
  from space 512K, 93% used [0x00000000d5900000,0x00000000d5978050,0x00000000d5980000)
  to   space 1024K, 0% used [0x00000000d5780000,0x00000000d5780000,0x00000000d5880000)
 ParOldGen       total 320000K, used 319748K [0x0000000080000000, 0x0000000093880000, 0x00000000d5580000)
  object space 320000K, 99% used [0x0000000080000000,0x00000000938412a8,0x0000000093880000)
 Metaspace       used 32561K, committed 33728K, reserved 1114112K
  class space    used 2798K, committed 3328K, reserved 1048576K
}
Event: 508.420 GC heap after
{Heap after GC invocations=363 (full 2):
 PSYoungGen      total 3072K, used 416K [0x00000000d5580000, 0x00000000d5980000, 0x0000000100000000)
  eden space 2048K, 0% used [0x00000000d5580000,0x00000000d5580000,0x00000000d5780000)
  from space 1024K, 40% used [0x00000000d5780000,0x00000000d57e8000,0x00000000d5880000)
  to   space 512K, 0% used [0x00000000d5900000,0x00000000d5900000,0x00000000d5980000)
 ParOldGen       total 320000K, used 319972K [0x0000000080000000, 0x0000000093880000, 0x00000000d5580000)
  object space 320000K, 99% used [0x0000000080000000,0x00000000938792f8,0x0000000093880000)
 Metaspace       used 32561K, committed 33728K, reserved 1114112K
  class space    used 2798K, committed 3328K, reserved 1048576K
}

