# JRE version: OpenJDK Runtime Environment Temurin-21.0.9+10 (21.0.9+10) (build 21.0.9+10-LTS)
# Java VM: OpenJDK 64-Bit Server VM Temurin-21.0.9+10 (21.0.9+10-LTS, mixed mode, sharing, tiered, compressed oops, compressed class ptrs, parallel gc, windows-amd64)
GC Precious Log:
 CardTable entry size: 512
 CPUs: 12 total, 12 available
 Memory: 7876M
 Large Page Support: Disabled
 NUMA Support: Disabled
 Compressed Oops: Enabled (32-bit)
 Alignments: Space 512K, Generation 512K, Heap 2M
 Heap Min Capacity: 100M
 Heap Initial Capacity: 100M
 Heap Max Capacity: 2G
 Pre-touch: Disabled
 Parallel Workers: 10
Heap:
 PSYoungGen      total 10752K, used 10672K [0x00000000d5580000, 0x00000000d6680000, 0x0000000100000000)
  eden space 8704K, 100% used [0x00000000d5580000,0x00000000d5e00000,0x00000000d5e00000)
  from space 2048K, 96% used [0x00000000d5e00000,0x00000000d5fec010,0x00000000d6000000)
  to   space 3584K, 17% used [0x00000000d6300000,0x00000000d63a0000,0x00000000d6680000)
 ParOldGen       total 695296K, used 694975K [0x0000000080000000, 0x00000000aa700000, 0x00000000d5580000)
  object space 695296K, 99% used [0x0000000080000000,0x00000000aa6afd68,0x00000000aa700000)
 Metaspace       used 92426K, committed 94144K, reserved 1179648K
  class space    used 8463K, committed 9280K, reserved 1048576K
GC Heap History (20 events):
Event: 1084.277 GC heap after
{Heap after GC invocations=1772 (full 8):
 PSYoungGen      total 3584K, used 288K [0x00000000d5580000, 0x00000000d5b80000, 0x0000000100000000)
  eden space 3072K, 0% used [0x00000000d5580000,0x00000000d5580000,0x00000000d5880000)
  from space 512K, 56% used [0x00000000d5b00000,0x00000000d5b48000,0x00000000d5b80000)
  to   space 512K, 0% used [0x00000000d5a80000,0x00000000d5a80000,0x00000000d5b00000)
 ParOldGen       total 667648K, used 666898K [0x0000000080000000, 0x00000000a8c00000, 0x00000000d5580000)
  object space 667648K, 99% used [0x0000000080000000,0x00000000a8b44808,0x00000000a8c00000)
 Metaspace       used 92380K, committed 94080K, reserved 1179648K
  class space    used 8463K, committed 9280K, reserved 1048576K
}
Event: 1084.303 GC heap before
{Heap before GC invocations=1773 (full 8):
 PSYoungGen      total 3584K, used 3360K [0x00000000d5580000, 0x00000000d5b80000, 0x0000000100000000)
  eden space 3072K, 100% used [0x00000000d5580000,0x00000000d5880000,0x00000000d5880000)
  from space 512K, 56% used [0x00000000d5b00000,0x00000000d5b48000,0x00000000d5b80000)
  to   space 512K, 0% used [0x00000000d5a80000,0x00000000d5a80000,0x00000000d5b00000)
 ParOldGen       total 667648K, used 666898K [0x0000000080000000, 0x00000000a8c00000, 0x00000000d5580000)
  object space 667648K, 99% used [0x0000000080000000,0x00000000a8b44808,0x00000000a8c00000)
 Metaspace       used 92381K, committed 94080K, reserved 1179648K
  class space    used 8463K, committed 9280K, reserved 1048576K
}
Event: 1084.307 GC heap after
{Heap after GC invocations=1773 (full 8):
 PSYoungGen      total 3584K, used 512K [0x00000000d5580000, 0x00000000d5e80000, 0x0000000100000000)
  eden space 3072K, 0% used [0x00000000d5580000,0x00000000d5580000,0x00000000d5880000)
  from space 512K, 100% used [0x00000000d5a80000,0x00000000d5b00000,0x00000000d5b00000)
  to   space 3072K, 0% used [0x00000000d5b80000,0x00000000d5b80000,0x00000000d5e80000)
 ParOldGen       total 669184K, used 668987K [0x0000000080000000, 0x00000000a8d80000, 0x00000000d5580000)
  object space 669184K, 99% used [0x0000000080000000,0x00000000a8d4edc8,0x00000000a8d80000)
 Metaspace       used 92381K, committed 94080K, reserved 1179648K
  class space    used 8463K, committed 9280K, reserved 1048576K
}
Event: 1084.311 GC heap before
{Heap before GC invocations=1774 (full 8):
 PSYoungGen      total 3584K, used 3584K [0x00000000d5580000, 0x00000000d5e80000, 0x0000000100000000)
  eden space 3072K, 100% used [0x00000000d5580000,0x00000000d5880000,0x00000000d5880000)
  from space 512K, 100% used [0x00000000d5a80000,0x00000000d5b00000,0x00000000d5b00000)
  to   space 3072K, 0% used [0x00000000d5b80000,0x00000000d5b80000,0x00000000d5e80000)
 ParOldGen       total 669184K, used 668987K [0x0000000080000000, 0x00000000a8d80000, 0x00000000d5580000)
  object space 669184K, 99% used [0x0000000080000000,0x00000000a8d4edc8,0x00000000a8d80000)
 Metaspace       used 92381K, committed 94080K, reserved 1179648K
  class space    used 8463K, committed 9280K, reserved 1048576K
}
Event: 1084.314 GC heap after
{Heap after GC invocations=1774 (full 8):
 PSYoungGen      total 5632K, used 2464K [0x00000000d5580000, 0x00000000d5e00000, 0x0000000100000000)
  eden space 3072K, 0% used [0x00000000d5580000,0x00000000d5580000,0x00000000d5880000)
  from space 2560K, 96% used [0x00000000d5b80000,0x00000000d5de8000,0x00000000d5e00000)
  to   space 2560K, 0% used [0x00000000d5900000,0x00000000d5900000,0x00000000d5b80000)
 ParOldGen       total 669696K, used 669491K [0x0000000080000000, 0x00000000a8e00000, 0x00000000d5580000)
  object space 669696K, 99% used [0x0000000080000000,0x00000000a8dccdd8,0x00000000a8e00000)
 Metaspace       used 92381K, committed 94080K, reserved 1179648K
  class space    used 8463K, committed 9280K, reserved 1048576K
}
Event: 1084.318 GC heap before
{Heap before GC invocations=1775 (full 8):
 PSYoungGen      total 5632K, used 5536K [0x00000000d5580000, 0x00000000d5e00000, 0x0000000100000000)
  eden space 3072K, 100% used [0x00000000d5580000,0x00000000d5880000,0x00000000d5880000)
  from space 2560K, 96% used [0x00000000d5b80000,0x00000000d5de8000,0x00000000d5e00000)
  to   space 2560K, 0% used [0x00000000d5900000,0x00000000d5900000,0x00000000d5b80000)
 ParOldGen       total 669696K, used 669491K [0x0000000080000000, 0x00000000a8e00000, 0x00000000d5580000)
  object space 669696K, 99% used [0x0000000080000000,0x00000000a8dccdd8,0x00000000a8e00000)
 Metaspace       used 92381K, committed 94080K, reserved 1179648K
  class space    used 8463K, committed 9280K, reserved 1048576K
}
Event: 1084.321 GC heap after
{Heap after GC invocations=1775 (full 8):
 PSYoungGen      total 6144K, used 2560K [0x00000000d5580000, 0x00000000d6480000, 0x0000000100000000)
  eden space 3584K, 0% used [0x00000000d5580000,0x00000000d5580000,0x00000000d5900000)
  from space 2560K, 100% used [0x00000000d5900000,0x00000000d5b80000,0x00000000d5b80000)
  to   space 5632K, 0% used [0x00000000d5f00000,0x00000000d5f00000,0x00000000d6480000)
 ParOldGen       total 672256K, used 671829K [0x0000000080000000, 0x00000000a9080000, 0x00000000d5580000)
  object space 672256K, 99% used [0x0000000080000000,0x00000000a90156e8,0x00000000a9080000)
 Metaspace       used 92381K, committed 94080K, reserved 1179648K
  class space    used 8463K, committed 9280K, reserved 1048576K
}
Event: 1084.326 GC heap before
{Heap before GC invocations=1776 (full 8):
 PSYoungGen      total 6144K, used 6144K [0x00000000d5580000, 0x00000000d6480000, 0x0000000100000000)
  eden space 3584K, 100% used [0x00000000d5580000,0x00000000d5900000,0x00000000d5900000)
  from space 2560K, 100% used [0x00000000d5900000,0x00000000d5b80000,0x00000000d5b80000)
  to   space 5632K, 0% used [0x00000000d5f00000,0x00000000d5f00000,0x00000000d6480000)
 ParOldGen       total 672256K, used 671829K [0x0000000080000000, 0x00000000a9080000, 0x00000000d5580000)
  object space 672256K, 99% used [0x0000000080000000,0x00000000a90156e8,0x00000000a9080000)
 Metaspace       used 92381K, committed 94080K, reserved 1179648K
  class space    used 8463K, committed 9280K, reserved 1048576K
}
Event: 1084.330 GC heap after
{Heap after GC invocations=1776 (full 8):
 PSYoungGen      total 8704K, used 3680K [0x00000000d5580000, 0x00000000d6300000, 0x0000000100000000)
  eden space 4608K, 0% used [0x00000000d5580000,0x00000000d5580000,0x00000000d5a00000)
  from space 4096K, 89% used [0x00000000d5f00000,0x00000000d6298000,0x00000000d6300000)
  to   space 4608K, 0% used [0x00000000d5a00000,0x00000000d5a00000,0x00000000d5e80000)
 ParOldGen       total 674816K, used 674445K [0x0000000080000000, 0x00000000a9300000, 0x00000000d5580000)
  object space 674816K, 99% used [0x0000000080000000,0x00000000a92a36e8,0x00000000a9300000)
 Metaspace       used 92381K, committed 94080K, reserved 1179648K
  class space    used 8463K, committed 9280K, reserved 1048576K
}
Event: 1084.337 GC heap before
{Heap before GC invocations=1777 (full 8):
 PSYoungGen      total 8704K, used 8133K [0x00000000d5580000, 0x00000000d6300000, 0x0000000100000000)
  eden space 4608K, 96% used [0x00000000d5580000,0x00000000d59d9618,0x00000000d5a00000)
  from space 4096K, 89% used [0x00000000d5f00000,0x00000000d6298000,0x00000000d6300000)
  to   space 4608K, 0% used [0x00000000d5a00000,0x00000000d5a00000,0x00000000d5e80000)
 ParOldGen       total 674816K, used 674445K [0x0000000080000000, 0x00000000a9300000, 0x00000000d5580000)
  object space 674816K, 99% used [0x0000000080000000,0x00000000a92a36e8,0x00000000a9300000)
 Metaspace       used 92381K, committed 94080K, reserved 1179648K
  class space    used 8463K, committed 9280K, reserved 1048576K
}
Event: 1084.341 GC heap after
{Heap after GC invocations=1777 (full 8):
 PSYoungGen      total 9216K, used 4428K [0x00000000d5580000, 0x00000000d6400000, 0x0000000100000000)
  eden space 4608K, 0% used [0x00000000d5580000,0x00000000d5580000,0x00000000d5a00000)
  from space 4608K, 96% used [0x00000000d5a00000,0x00000000d5e53000,0x00000000d5e80000)
  to   space 4608K, 0% used [0x00000000d5f80000,0x00000000d5f80000,0x00000000d6400000)
 ParOldGen       total 678400K, used 678061K [0x0000000080000000, 0x00000000a9680000, 0x00000000d5580000)
  object space 678400K, 99% used [0x0000000080000000,0x00000000a962b6e8,0x00000000a9680000)
 Metaspace       used 92381K, committed 94080K, reserved 1179648K
  class space    used 8463K, committed 9280K, reserved 1048576K
}
Event: 1084.371 GC heap before
{Heap before GC invocations=1778 (full 8):
 PSYoungGen      total 9216K, used 8970K [0x00000000d5580000, 0x00000000d6400000, 0x0000000100000000)
  eden space 4608K, 98% used [0x00000000d5580000,0x00000000d59ef8b8,0x00000000d5a00000)
  from space 4608K, 96% used [0x00000000d5a00000,0x00000000d5e53000,0x00000000d5e80000)
  to   space 4608K, 0% used [0x00000000d5f80000,0x00000000d5f80000,0x00000000d6400000)
 ParOldGen       total 678400K, used 678061K [0x0000000080000000, 0x00000000a9680000, 0x00000000d5580000)
  object space 678400K, 99% used [0x0000000080000000,0x00000000a962b6e8,0x00000000a9680000)
 Metaspace       used 92381K, committed 94080K, reserved 1179648K
  class space    used 8463K, committed 9280K, reserved 1048576K
}
Event: 1084.379 GC heap after
{Heap after GC invocations=1778 (full 8):
 PSYoungGen      total 9728K, used 3692K [0x00000000d5580000, 0x00000000d6380000, 0x0000000100000000)
  eden space 5632K, 0% used [0x00000000d5580000,0x00000000d5580000,0x00000000d5b00000)
  from space 4096K, 90% used [0x00000000d5f80000,0x00000000d631b338,0x00000000d6380000)
  to   space 4096K, 0% used [0x00000000d5b80000,0x00000000d5b80000,0x00000000d5f80000)
 ParOldGen       total 682496K, used 681997K [0x0000000080000000, 0x00000000a9a80000, 0x00000000d5580000)
  object space 682496K, 99% used [0x0000000080000000,0x00000000a9a036e8,0x00000000a9a80000)
 Metaspace       used 92381K, committed 94080K, reserved 1179648K
  class space    used 8463K, committed 9280K, reserved 1048576K
}
Event: 1084.385 GC heap before
{Heap before GC invocations=1779 (full 8):
 PSYoungGen      total 9728K, used 9323K [0x00000000d5580000, 0x00000000d6380000, 0x0000000100000000)
  eden space 5632K, 99% used [0x00000000d5580000,0x00000000d5affc98,0x00000000d5b00000)
  from space 4096K, 90% used [0x00000000d5f80000,0x00000000d631b338,0x00000000d6380000)
  to   space 4096K, 0% used [0x00000000d5b80000,0x00000000d5b80000,0x00000000d5f80000)
 ParOldGen       total 682496K, used 681997K [0x0000000080000000, 0x00000000a9a80000, 0x00000000d5580000)
  object space 682496K, 99% used [0x0000000080000000,0x00000000a9a036e8,0x00000000a9a80000)
 Metaspace       used 92381K, committed 94080K, reserved 1179648K
  class space    used 8463K, committed 9280K, reserved 1048576K
}
Event: 1084.391 GC heap after
{Heap after GC invocations=1779 (full 8):
 PSYoungGen      total 10240K, used 4092K [0x00000000d5580000, 0x00000000d6f80000, 0x0000000100000000)
  eden space 6144K, 0% used [0x00000000d5580000,0x00000000d5580000,0x00000000d5b80000)
  from space 4096K, 99% used [0x00000000d5b80000,0x00000000d5f7f338,0x00000000d5f80000)
  to   space 9728K, 0% used [0x00000000d6600000,0x00000000d6600000,0x00000000d6f80000)
 ParOldGen       total 687104K, used 686634K [0x0000000080000000, 0x00000000a9f00000, 0x00000000d5580000)
  object space 687104K, 99% used [0x0000000080000000,0x00000000a9e8aa20,0x00000000a9f00000)
 Metaspace       used 92381K, committed 94080K, reserved 1179648K
  class space    used 8463K, committed 9280K, reserved 1048576K
}
Event: 1084.402 GC heap before
{Heap before GC invocations=1780 (full 8):
 PSYoungGen      total 10240K, used 10236K [0x00000000d5580000, 0x00000000d6f80000, 0x0000000100000000)
  eden space 6144K, 100% used [0x00000000d5580000,0x00000000d5b80000,0x00000000d5b80000)
  from space 4096K, 99% used [0x00000000d5b80000,0x00000000d5f7f338,0x00000000d5f80000)
  to   space 9728K, 0% used [0x00000000d6600000,0x00000000d6600000,0x00000000d6f80000)
 ParOldGen       total 687104K, used 686634K [0x0000000080000000, 0x00000000a9f00000, 0x00000000d5580000)
  object space 687104K, 99% used [0x0000000080000000,0x00000000a9e8aa20,0x00000000a9f00000)
 Metaspace       used 92381K, committed 94080K, reserved 1179648K
  class space    used 8463K, committed 9280K, reserved 1048576K
}
Event: 1085.412 GC heap after
{Heap after GC invocations=1780 (full 8):
 PSYoungGen      total 12800K, used 4928K [0x00000000d5580000, 0x00000000d6b00000, 0x0000000100000000)
  eden space 7680K, 0% used [0x00000000d5580000,0x00000000d5580000,0x00000000d5d00000)
  from space 5120K, 96% used [0x00000000d6600000,0x00000000d6ad0000,0x00000000d6b00000)
  to   space 6656K, 0% used [0x00000000d5e00000,0x00000000d5e00000,0x00000000d6480000)
 ParOldGen       total 691200K, used 690791K [0x0000000080000000, 0x00000000aa300000, 0x00000000d5580000)
  object space 691200K, 99% used [0x0000000080000000,0x00000000aa299d68,0x00000000aa300000)
 Metaspace       used 92381K, committed 94080K, reserved 1179648K
  class space    used 8463K, committed 9280K, reserved 1048576K
}
Event: 1086.151 GC heap before
{Heap before GC invocations=1781 (full 8):
 PSYoungGen      total 12800K, used 12607K [0x00000000d5580000, 0x00000000d6b00000, 0x0000000100000000)
  eden space 7680K, 99% used [0x00000000d5580000,0x00000000d5cffff8,0x00000000d5d00000)
  from space 5120K, 96% used [0x00000000d6600000,0x00000000d6ad0000,0x00000000d6b00000)
  to   space 6656K, 0% used [0x00000000d5e00000,0x00000000d5e00000,0x00000000d6480000)
 ParOldGen       total 691200K, used 690791K [0x0000000080000000, 0x00000000aa300000, 0x00000000d5580000)
  object space 691200K, 99% used [0x0000000080000000,0x00000000aa299d68,0x00000000aa300000)
 Metaspace       used 92397K, committed 94080K, reserved 1179648K
  class space    used 8463K, committed 9280K, reserved 1048576K
}
Event: 1087.169 GC heap after
{Heap after GC invocations=1781 (full 8):
 PSYoungGen      total 10752K, used 1968K [0x00000000d5580000, 0x00000000d6680000, 0x0000000100000000)
  eden space 8704K, 0% used [0x00000000d5580000,0x00000000d5580000,0x00000000d5e00000)
  from space 2048K, 96% used [0x00000000d5e00000,0x00000000d5fec010,0x00000000d6000000)
  to   space 3584K, 0% used [0x00000000d6300000,0x00000000d6300000,0x00000000d6680000)
 ParOldGen       total 695296K, used 694895K [0x0000000080000000, 0x00000000aa700000, 0x00000000d5580000)
  object space 695296K, 99% used [0x0000000080000000,0x00000000aa69bd68,0x00000000aa700000)
 Metaspace       used 92397K, committed 94080K, reserved 1179648K
  class space    used 8463K, committed 9280K, reserved 1048576K
}
Event: 1141.498 GC heap before
{Heap before GC invocations=1782 (full 8):
 PSYoungGen      total 10752K, used 10672K [0x00000000d5580000, 0x00000000d6680000, 0x0000000100000000)
  eden space 8704K, 100% used [0x00000000d5580000,0x00000000d5e00000,0x00000000d5e00000)
  from space 2048K, 96% used [0x00000000d5e00000,0x00000000d5fec010,0x00000000d6000000)
  to   space 3584K, 0% used [0x00000000d6300000,0x00000000d6300000,0x00000000d6680000)
 ParOldGen       total 695296K, used 694895K [0x0000000080000000, 0x00000000aa700000, 0x00000000d5580000)
  object space 695296K, 99% used [0x0000000080000000,0x00000000aa69bd68,0x00000000aa700000)
 Metaspace       used 92426K, committed 94144K, reserved 1179648K
  class space    used 8463K, committed 9280K, reserved 1048576K
}

