# JRE version: OpenJDK Runtime Environment Temurin-21.0.9+10 (21.0.9+10) (build 21.0.9+10-LTS)
# Java VM: OpenJDK 64-Bit Server VM Temurin-21.0.9+10 (21.0.9+10-LTS, mixed mode, sharing, tiered, compressed oops, compressed class ptrs, parallel gc, windows-amd64)
GC Precious Log:
 CardTable entry size: 512
 CPUs: 12 total, 12 available
 Memory: 7876M
 Large Page Support: Disabled
 NUMA Support: Disabled
 Compressed Oops: Enabled (32-bit)
 Alignments: Space 512K, Generation 512K, Heap 2M
 Heap Min Capacity: 100M
 Heap Initial Capacity: 100M
 Heap Max Capacity: 2G
 Pre-touch: Disabled
 Parallel Workers: 10
Heap:
 PSYoungGen      total 15360K, used 8711K [0x00000000d5580000, 0x00000000d6d80000, 0x0000000100000000)
  eden space 10752K, 72% used [0x00000000d5580000,0x00000000d5d19fa0,0x00000000d6000000)
  from space 4608K, 20% used [0x00000000d6480000,0x00000000d6568000,0x00000000d6900000)
  to   space 1536K, 0% used [0x00000000d6c00000,0x00000000d6c00000,0x00000000d6d80000)
 ParOldGen       total 661504K, used 458118K [0x0000000080000000, 0x00000000a8600000, 0x00000000d5580000)
  object space 661504K, 69% used [0x0000000080000000,0x000000009bf61968,0x00000000a8600000)
 Metaspace       used 91081K, committed 92800K, reserved 1179648K
  class space    used 8611K, committed 9408K, reserved 1048576K
GC Heap History (20 events):
Event: 1928.722 GC heap before
{Heap before GC invocations=608 (full 4):
 PSYoungGen      total 19968K, used 19953K [0x00000000d5580000, 0x00000000d8980000, 0x0000000100000000)
  eden space 10752K, 99% used [0x00000000d5580000,0x00000000d5ffffe8,0x00000000d6000000)
  from space 9216K, 99% used [0x00000000d6000000,0x00000000d68fc670,0x00000000d6900000)
  to   space 19968K, 0% used [0x00000000d7600000,0x00000000d7600000,0x00000000d8980000)
 ParOldGen       total 661504K, used 403447K [0x0000000080000000, 0x00000000a8600000, 0x00000000d5580000)
  object space 661504K, 60% used [0x0000000080000000,0x00000000989fdf58,0x00000000a8600000)
 Metaspace       used 89467K, committed 91136K, reserved 1179648K
  class space    used 8413K, committed 9216K, reserved 1048576K
}
Event: 1928.743 GC heap after
{Heap after GC invocations=608 (full 4):
 PSYoungGen      total 13824K, used 3040K [0x00000000d5580000, 0x00000000d7900000, 0x0000000100000000)
  eden space 10752K, 0% used [0x00000000d5580000,0x00000000d5580000,0x00000000d6000000)
  from space 3072K, 98% used [0x00000000d7600000,0x00000000d78f8020,0x00000000d7900000)
  to   space 8704K, 0% used [0x00000000d6800000,0x00000000d6800000,0x00000000d7080000)
 ParOldGen       total 661504K, used 412433K [0x0000000080000000, 0x00000000a8600000, 0x00000000d5580000)
  object space 661504K, 62% used [0x0000000080000000,0x00000000992c45c8,0x00000000a8600000)
 Metaspace       used 89467K, committed 91136K, reserved 1179648K
  class space    used 8413K, committed 9216K, reserved 1048576K
}
Event: 1942.054 GC heap before
{Heap before GC invocations=609 (full 4):
 PSYoungGen      total 13824K, used 13792K [0x00000000d5580000, 0x00000000d7900000, 0x0000000100000000)
  eden space 10752K, 100% used [0x00000000d5580000,0x00000000d6000000,0x00000000d6000000)
  from space 3072K, 98% used [0x00000000d7600000,0x00000000d78f8020,0x00000000d7900000)
  to   space 8704K, 0% used [0x00000000d6800000,0x00000000d6800000,0x00000000d7080000)
 ParOldGen       total 661504K, used 412433K [0x0000000080000000, 0x00000000a8600000, 0x00000000d5580000)
  object space 661504K, 62% used [0x0000000080000000,0x00000000992c45c8,0x00000000a8600000)
 Metaspace       used 89480K, committed 91136K, reserved 1179648K
  class space    used 8413K, committed 9216K, reserved 1048576K
}
Event: 1942.065 GC heap after
{Heap after GC invocations=609 (full 4):
 PSYoungGen      total 19456K, used 8681K [0x00000000d5580000, 0x00000000d7c00000, 0x0000000100000000)
  eden space 10752K, 0% used [0x00000000d5580000,0x00000000d5580000,0x00000000d6000000)
  from space 8704K, 99% used [0x00000000d6800000,0x00000000d707a590,0x00000000d7080000)
  to   space 11776K, 0% used [0x00000000d7080000,0x00000000d7080000,0x00000000d7c00000)
 ParOldGen       total 661504K, used 415955K [0x0000000080000000, 0x00000000a8600000, 0x00000000d5580000)
  object space 661504K, 62% used [0x0000000080000000,0x0000000099634ed8,0x00000000a8600000)
 Metaspace       used 89480K, committed 91136K, reserved 1179648K
  class space    used 8413K, committed 9216K, reserved 1048576K
}
Event: 1942.155 GC heap before
{Heap before GC invocations=610 (full 4):
 PSYoungGen      total 19456K, used 18470K [0x00000000d5580000, 0x00000000d7c00000, 0x0000000100000000)
  eden space 10752K, 91% used [0x00000000d5580000,0x00000000d5f0f468,0x00000000d6000000)
  from space 8704K, 99% used [0x00000000d6800000,0x00000000d707a590,0x00000000d7080000)
  to   space 11776K, 0% used [0x00000000d7080000,0x00000000d7080000,0x00000000d7c00000)
 ParOldGen       total 661504K, used 415955K [0x0000000080000000, 0x00000000a8600000, 0x00000000d5580000)
  object space 661504K, 62% used [0x0000000080000000,0x0000000099634ed8,0x00000000a8600000)
 Metaspace       used 89487K, committed 91200K, reserved 1179648K
  class space    used 8413K, committed 9216K, reserved 1048576K
}
Event: 1942.180 GC heap after
{Heap after GC invocations=610 (full 4):
 PSYoungGen      total 18944K, used 8128K [0x00000000d5580000, 0x00000000d7880000, 0x0000000100000000)
  eden space 10752K, 0% used [0x00000000d5580000,0x00000000d5580000,0x00000000d6000000)
  from space 8192K, 99% used [0x00000000d7080000,0x00000000d7870000,0x00000000d7880000)
  to   space 9728K, 0% used [0x00000000d6580000,0x00000000d6580000,0x00000000d6f00000)
 ParOldGen       total 661504K, used 425878K [0x0000000080000000, 0x00000000a8600000, 0x00000000d5580000)
  object space 661504K, 64% used [0x0000000080000000,0x0000000099fe5a18,0x00000000a8600000)
 Metaspace       used 89487K, committed 91200K, reserved 1179648K
  class space    used 8413K, committed 9216K, reserved 1048576K
}
Event: 1942.246 GC heap before
{Heap before GC invocations=611 (full 4):
 PSYoungGen      total 18944K, used 18880K [0x00000000d5580000, 0x00000000d7880000, 0x0000000100000000)
  eden space 10752K, 100% used [0x00000000d5580000,0x00000000d6000000,0x00000000d6000000)
  from space 8192K, 99% used [0x00000000d7080000,0x00000000d7870000,0x00000000d7880000)
  to   space 9728K, 0% used [0x00000000d6580000,0x00000000d6580000,0x00000000d6f00000)
 ParOldGen       total 661504K, used 425878K [0x0000000080000000, 0x00000000a8600000, 0x00000000d5580000)
  object space 661504K, 64% used [0x0000000080000000,0x0000000099fe5a18,0x00000000a8600000)
 Metaspace       used 89487K, committed 91200K, reserved 1179648K
  class space    used 8413K, committed 9216K, reserved 1048576K
}
Event: 1942.265 GC heap after
{Heap after GC invocations=611 (full 4):
 PSYoungGen      total 20480K, used 9724K [0x00000000d5580000, 0x00000000d8600000, 0x0000000100000000)
  eden space 10752K, 0% used [0x00000000d5580000,0x00000000d5580000,0x00000000d6000000)
  from space 9728K, 99% used [0x00000000d6580000,0x00000000d6eff270,0x00000000d6f00000)
  to   space 19456K, 0% used [0x00000000d7300000,0x00000000d7300000,0x00000000d8600000)
 ParOldGen       total 661504K, used 433726K [0x0000000080000000, 0x00000000a8600000, 0x00000000d5580000)
  object space 661504K, 65% used [0x0000000080000000,0x000000009a78fa18,0x00000000a8600000)
 Metaspace       used 89487K, committed 91200K, reserved 1179648K
  class space    used 8413K, committed 9216K, reserved 1048576K
}
Event: 1943.461 GC heap before
{Heap before GC invocations=612 (full 4):
 PSYoungGen      total 20480K, used 20476K [0x00000000d5580000, 0x00000000d8600000, 0x0000000100000000)
  eden space 10752K, 100% used [0x00000000d5580000,0x00000000d6000000,0x00000000d6000000)
  from space 9728K, 99% used [0x00000000d6580000,0x00000000d6eff270,0x00000000d6f00000)
  to   space 19456K, 0% used [0x00000000d7300000,0x00000000d7300000,0x00000000d8600000)
 ParOldGen       total 661504K, used 433726K [0x0000000080000000, 0x00000000a8600000, 0x00000000d5580000)
  object space 661504K, 65% used [0x0000000080000000,0x000000009a78fa18,0x00000000a8600000)
 Metaspace       used 89574K, committed 91264K, reserved 1179648K
  class space    used 8417K, committed 9216K, reserved 1048576K
}
Event: 1943.475 GC heap after
{Heap after GC invocations=612 (full 4):
 PSYoungGen      total 11776K, used 592K [0x00000000d5580000, 0x00000000d7400000, 0x0000000100000000)
  eden space 10752K, 0% used [0x00000000d5580000,0x00000000d5580000,0x00000000d6000000)
  from space 1024K, 57% used [0x00000000d7300000,0x00000000d7394050,0x00000000d7400000)
  to   space 7168K, 0% used [0x00000000d6600000,0x00000000d6600000,0x00000000d6d00000)
 ParOldGen       total 661504K, used 443424K [0x0000000080000000, 0x00000000a8600000, 0x00000000d5580000)
  object space 661504K, 67% used [0x0000000080000000,0x000000009b108088,0x00000000a8600000)
 Metaspace       used 89574K, committed 91264K, reserved 1179648K
  class space    used 8417K, committed 9216K, reserved 1048576K
}
Event: 1943.506 GC heap before
{Heap before GC invocations=613 (full 4):
 PSYoungGen      total 11776K, used 11344K [0x00000000d5580000, 0x00000000d7400000, 0x0000000100000000)
  eden space 10752K, 100% used [0x00000000d5580000,0x00000000d6000000,0x00000000d6000000)
  from space 1024K, 57% used [0x00000000d7300000,0x00000000d7394050,0x00000000d7400000)
  to   space 7168K, 0% used [0x00000000d6600000,0x00000000d6600000,0x00000000d6d00000)
 ParOldGen       total 661504K, used 443424K [0x0000000080000000, 0x00000000a8600000, 0x00000000d5580000)
  object space 661504K, 67% used [0x0000000080000000,0x000000009b108088,0x00000000a8600000)
 Metaspace       used 89574K, committed 91264K, reserved 1179648K
  class space    used 8417K, committed 9216K, reserved 1048576K
}
Event: 1943.520 GC heap after
{Heap after GC invocations=613 (full 4):
 PSYoungGen      total 17920K, used 7145K [0x00000000d5580000, 0x00000000d7900000, 0x0000000100000000)
  eden space 10752K, 0% used [0x00000000d5580000,0x00000000d5580000,0x00000000d6000000)
  from space 7168K, 99% used [0x00000000d6600000,0x00000000d6cfa530,0x00000000d6d00000)
  to   space 12288K, 0% used [0x00000000d6d00000,0x00000000d6d00000,0x00000000d7900000)
 ParOldGen       total 661504K, used 446858K [0x0000000080000000, 0x00000000a8600000, 0x00000000d5580000)
  object space 661504K, 67% used [0x0000000080000000,0x000000009b4629d8,0x00000000a8600000)
 Metaspace       used 89574K, committed 91264K, reserved 1179648K
  class space    used 8417K, committed 9216K, reserved 1048576K
}
Event: 1943.618 GC heap before
{Heap before GC invocations=614 (full 4):
 PSYoungGen      total 17920K, used 17897K [0x00000000d5580000, 0x00000000d7900000, 0x0000000100000000)
  eden space 10752K, 100% used [0x00000000d5580000,0x00000000d6000000,0x00000000d6000000)
  from space 7168K, 99% used [0x00000000d6600000,0x00000000d6cfa530,0x00000000d6d00000)
  to   space 12288K, 0% used [0x00000000d6d00000,0x00000000d6d00000,0x00000000d7900000)
 ParOldGen       total 661504K, used 446858K [0x0000000080000000, 0x00000000a8600000, 0x00000000d5580000)
  object space 661504K, 67% used [0x0000000080000000,0x000000009b4629d8,0x00000000a8600000)
 Metaspace       used 89603K, committed 91328K, reserved 1179648K
  class space    used 8417K, committed 9216K, reserved 1048576K
}
Event: 1943.622 GC heap after
{Heap after GC invocations=614 (full 4):
 PSYoungGen      total 12800K, used 1849K [0x00000000d5580000, 0x00000000d6f00000, 0x0000000100000000)
  eden space 10752K, 0% used [0x00000000d5580000,0x00000000d5580000,0x00000000d6000000)
  from space 2048K, 90% used [0x00000000d6d00000,0x00000000d6ece670,0x00000000d6f00000)
  to   space 5120K, 0% used [0x00000000d6500000,0x00000000d6500000,0x00000000d6a00000)
 ParOldGen       total 661504K, used 446938K [0x0000000080000000, 0x00000000a8600000, 0x00000000d5580000)
  object space 661504K, 67% used [0x0000000080000000,0x000000009b4769e8,0x00000000a8600000)
 Metaspace       used 89603K, committed 91328K, reserved 1179648K
  class space    used 8417K, committed 9216K, reserved 1048576K
}
Event: 1943.792 GC heap before
{Heap before GC invocations=615 (full 4):
 PSYoungGen      total 12800K, used 12601K [0x00000000d5580000, 0x00000000d6f00000, 0x0000000100000000)
  eden space 10752K, 100% used [0x00000000d5580000,0x00000000d6000000,0x00000000d6000000)
  from space 2048K, 90% used [0x00000000d6d00000,0x00000000d6ece670,0x00000000d6f00000)
  to   space 5120K, 0% used [0x00000000d6500000,0x00000000d6500000,0x00000000d6a00000)
 ParOldGen       total 661504K, used 446938K [0x0000000080000000, 0x00000000a8600000, 0x00000000d5580000)
  object space 661504K, 67% used [0x0000000080000000,0x000000009b4769e8,0x00000000a8600000)
 Metaspace       used 89603K, committed 91328K, reserved 1179648K
  class space    used 8417K, committed 9216K, reserved 1048576K
}
Event: 1945.820 GC heap after
{Heap after GC invocations=615 (full 4):
 PSYoungGen      total 15872K, used 5120K [0x00000000d5580000, 0x00000000d6f00000, 0x0000000100000000)
  eden space 10752K, 0% used [0x00000000d5580000,0x00000000d5580000,0x00000000d6000000)
  from space 5120K, 100% used [0x00000000d6500000,0x00000000d6a00000,0x00000000d6a00000)
  to   space 2048K, 0% used [0x00000000d6d00000,0x00000000d6d00000,0x00000000d6f00000)
 ParOldGen       total 661504K, used 452692K [0x0000000080000000, 0x00000000a8600000, 0x00000000d5580000)
  object space 661504K, 68% used [0x0000000080000000,0x000000009ba15058,0x00000000a8600000)
 Metaspace       used 89603K, committed 91328K, reserved 1179648K
  class space    used 8417K, committed 9216K, reserved 1048576K
}
Event: 1949.405 GC heap before
{Heap before GC invocations=616 (full 4):
 PSYoungGen      total 15872K, used 15871K [0x00000000d5580000, 0x00000000d6f00000, 0x0000000100000000)
  eden space 10752K, 99% used [0x00000000d5580000,0x00000000d5fffc48,0x00000000d6000000)
  from space 5120K, 100% used [0x00000000d6500000,0x00000000d6a00000,0x00000000d6a00000)
  to   space 2048K, 0% used [0x00000000d6d00000,0x00000000d6d00000,0x00000000d6f00000)
 ParOldGen       total 661504K, used 452692K [0x0000000080000000, 0x00000000a8600000, 0x00000000d5580000)
  object space 661504K, 68% used [0x0000000080000000,0x000000009ba15058,0x00000000a8600000)
 Metaspace       used 90317K, committed 92032K, reserved 1179648K
  class space    used 8507K, committed 9344K, reserved 1048576K
}
Event: 1949.416 GC heap after
{Heap after GC invocations=616 (full 4):
 PSYoungGen      total 11264K, used 384K [0x00000000d5580000, 0x00000000d6d80000, 0x0000000100000000)
  eden space 10752K, 0% used [0x00000000d5580000,0x00000000d5580000,0x00000000d6000000)
  from space 512K, 75% used [0x00000000d6d00000,0x00000000d6d60000,0x00000000d6d80000)
  to   space 4608K, 0% used [0x00000000d6480000,0x00000000d6480000,0x00000000d6900000)
 ParOldGen       total 661504K, used 457900K [0x0000000080000000, 0x00000000a8600000, 0x00000000d5580000)
  object space 661504K, 69% used [0x0000000080000000,0x000000009bf2b058,0x00000000a8600000)
 Metaspace       used 90317K, committed 92032K, reserved 1179648K
  class space    used 8507K, committed 9344K, reserved 1048576K
}
Event: 1949.584 GC heap before
{Heap before GC invocations=617 (full 4):
 PSYoungGen      total 11264K, used 11131K [0x00000000d5580000, 0x00000000d6d80000, 0x0000000100000000)
  eden space 10752K, 99% used [0x00000000d5580000,0x00000000d5ffef48,0x00000000d6000000)
  from space 512K, 75% used [0x00000000d6d00000,0x00000000d6d60000,0x00000000d6d80000)
  to   space 4608K, 0% used [0x00000000d6480000,0x00000000d6480000,0x00000000d6900000)
 ParOldGen       total 661504K, used 457900K [0x0000000080000000, 0x00000000a8600000, 0x00000000d5580000)
  object space 661504K, 69% used [0x0000000080000000,0x000000009bf2b058,0x00000000a8600000)
 Metaspace       used 90780K, committed 92480K, reserved 1179648K
  class space    used 8579K, committed 9408K, reserved 1048576K
}
Event: 1949.586 GC heap after
{Heap after GC invocations=617 (full 4):
 PSYoungGen      total 15360K, used 928K [0x00000000d5580000, 0x00000000d6d80000, 0x0000000100000000)
  eden space 10752K, 0% used [0x00000000d5580000,0x00000000d5580000,0x00000000d6000000)
  from space 4608K, 20% used [0x00000000d6480000,0x00000000d6568000,0x00000000d6900000)
  to   space 1536K, 0% used [0x00000000d6c00000,0x00000000d6c00000,0x00000000d6d80000)
 ParOldGen       total 661504K, used 458118K [0x0000000080000000, 0x00000000a8600000, 0x00000000d5580000)
  object space 661504K, 69% used [0x0000000080000000,0x000000009bf61968,0x00000000a8600000)
 Metaspace       used 90780K, committed 92480K, reserved 1179648K
  class space    used 8579K, committed 9408K, reserved 1048576K
}

