# JRE version: OpenJDK Runtime Environment Temurin-21.0.9+10 (21.0.9+10) (build 21.0.9+10-LTS)
# Java VM: OpenJDK 64-Bit Server VM Temurin-21.0.9+10 (21.0.9+10-LTS, mixed mode, sharing, tiered, compressed oops, compressed class ptrs, parallel gc, windows-amd64)
GC Precious Log:
 CardTable entry size: 512
 CPUs: 12 total, 12 available
 Memory: 7876M
 Large Page Support: Disabled
 NUMA Support: Disabled
 Compressed Oops: Enabled (32-bit)
 Alignments: Space 512K, Generation 512K, Heap 2M
 Heap Min Capacity: 100M
 Heap Initial Capacity: 100M
 Heap Max Capacity: 2G
 Pre-touch: Disabled
 Parallel Workers: 10
Heap:
 PSYoungGen      total 5120K, used 2560K [0x00000000d5580000, 0x00000000d5d80000, 0x0000000100000000)
  eden space 2560K, 0% used [0x00000000d5580000,0x00000000d5580000,0x00000000d5800000)
  from space 2560K, 100% used [0x00000000d5b00000,0x00000000d5d80000,0x00000000d5d80000)
  to   space 2560K, 0% used [0x00000000d5880000,0x00000000d5880000,0x00000000d5b00000)
 ParOldGen       total 609280K, used 608774K [0x0000000080000000, 0x00000000a5300000, 0x00000000d5580000)
  object space 609280K, 99% used [0x0000000080000000,0x00000000a5281928,0x00000000a5300000)
 Metaspace       used 92900K, committed 94656K, reserved 1179648K
  class space    used 8594K, committed 9472K, reserved 1048576K
GC Heap History (20 events):
Event: 1305.096 GC heap after
{Heap after GC invocations=895 (full 6):
 PSYoungGen      total 7168K, used 320K [0x00000000d5580000, 0x00000000d5e80000, 0x0000000100000000)
  eden space 6656K, 0% used [0x00000000d5580000,0x00000000d5580000,0x00000000d5c00000)
  from space 512K, 62% used [0x00000000d5e00000,0x00000000d5e50000,0x00000000d5e80000)
  to   space 1024K, 0% used [0x00000000d5c80000,0x00000000d5c80000,0x00000000d5d80000)
 ParOldGen       total 586240K, used 585747K [0x0000000080000000, 0x00000000a3c80000, 0x00000000d5580000)
  object space 586240K, 99% used [0x0000000080000000,0x00000000a3c04cb8,0x00000000a3c80000)
 Metaspace       used 92895K, committed 94656K, reserved 1179648K
  class space    used 8594K, committed 9472K, reserved 1048576K
}
Event: 1305.408 GC heap before
{Heap before GC invocations=896 (full 6):
 PSYoungGen      total 7168K, used 6976K [0x00000000d5580000, 0x00000000d5e80000, 0x0000000100000000)
  eden space 6656K, 100% used [0x00000000d5580000,0x00000000d5c00000,0x00000000d5c00000)
  from space 512K, 62% used [0x00000000d5e00000,0x00000000d5e50000,0x00000000d5e80000)
  to   space 1024K, 0% used [0x00000000d5c80000,0x00000000d5c80000,0x00000000d5d80000)
 ParOldGen       total 586240K, used 585747K [0x0000000080000000, 0x00000000a3c80000, 0x00000000d5580000)
  object space 586240K, 99% used [0x0000000080000000,0x00000000a3c04cb8,0x00000000a3c80000)
 Metaspace       used 92897K, committed 94656K, reserved 1179648K
  class space    used 8594K, committed 9472K, reserved 1048576K
}
Event: 1307.426 GC heap after
{Heap after GC invocations=896 (full 6):
 PSYoungGen      total 7680K, used 996K [0x00000000d5580000, 0x00000000d5e80000, 0x0000000100000000)
  eden space 6656K, 0% used [0x00000000d5580000,0x00000000d5580000,0x00000000d5c00000)
  from space 1024K, 97% used [0x00000000d5c80000,0x00000000d5d792d8,0x00000000d5d80000)
  to   space 512K, 0% used [0x00000000d5e00000,0x00000000d5e00000,0x00000000d5e80000)
 ParOldGen       total 590336K, used 589999K [0x0000000080000000, 0x00000000a4080000, 0x00000000d5580000)
  object space 590336K, 99% used [0x0000000080000000,0x00000000a402bf90,0x00000000a4080000)
 Metaspace       used 92897K, committed 94656K, reserved 1179648K
  class space    used 8594K, committed 9472K, reserved 1048576K
}
Event: 1307.447 GC heap before
{Heap before GC invocations=897 (full 6):
 PSYoungGen      total 7680K, used 7652K [0x00000000d5580000, 0x00000000d5e80000, 0x0000000100000000)
  eden space 6656K, 100% used [0x00000000d5580000,0x00000000d5c00000,0x00000000d5c00000)
  from space 1024K, 97% used [0x00000000d5c80000,0x00000000d5d792d8,0x00000000d5d80000)
  to   space 512K, 0% used [0x00000000d5e00000,0x00000000d5e00000,0x00000000d5e80000)
 ParOldGen       total 590336K, used 589999K [0x0000000080000000, 0x00000000a4080000, 0x00000000d5580000)
  object space 590336K, 99% used [0x0000000080000000,0x00000000a402bf90,0x00000000a4080000)
 Metaspace       used 92899K, committed 94656K, reserved 1179648K
  class space    used 8594K, committed 9472K, reserved 1048576K
}
Event: 1307.460 GC heap after
{Heap after GC invocations=897 (full 6):
 PSYoungGen      total 2048K, used 512K [0x00000000d5580000, 0x00000000d6a00000, 0x0000000100000000)
  eden space 1536K, 0% used [0x00000000d5580000,0x00000000d5580000,0x00000000d5700000)
  from space 512K, 100% used [0x00000000d5e00000,0x00000000d5e80000,0x00000000d5e80000)
  to   space 7168K, 0% used [0x00000000d5700000,0x00000000d5700000,0x00000000d5e00000)
 ParOldGen       total 595968K, used 595908K [0x0000000080000000, 0x00000000a4600000, 0x00000000d5580000)
  object space 595968K, 99% used [0x0000000080000000,0x00000000a45f12a8,0x00000000a4600000)
 Metaspace       used 92899K, committed 94656K, reserved 1179648K
  class space    used 8594K, committed 9472K, reserved 1048576K
}
Event: 1307.466 GC heap before
{Heap before GC invocations=898 (full 6):
 PSYoungGen      total 2048K, used 2048K [0x00000000d5580000, 0x00000000d6a00000, 0x0000000100000000)
  eden space 1536K, 100% used [0x00000000d5580000,0x00000000d5700000,0x00000000d5700000)
  from space 512K, 100% used [0x00000000d5e00000,0x00000000d5e80000,0x00000000d5e80000)
  to   space 7168K, 0% used [0x00000000d5700000,0x00000000d5700000,0x00000000d5e00000)
 ParOldGen       total 595968K, used 595908K [0x0000000080000000, 0x00000000a4600000, 0x00000000d5580000)
  object space 595968K, 99% used [0x0000000080000000,0x00000000a45f12a8,0x00000000a4600000)
 Metaspace       used 92900K, committed 94656K, reserved 1179648K
  class space    used 8594K, committed 9472K, reserved 1048576K
}
Event: 1307.472 GC heap after
{Heap after GC invocations=898 (full 6):
 PSYoungGen      total 3584K, used 1568K [0x00000000d5580000, 0x00000000d5e80000, 0x0000000100000000)
  eden space 1536K, 0% used [0x00000000d5580000,0x00000000d5580000,0x00000000d5700000)
  from space 2048K, 76% used [0x00000000d5700000,0x00000000d5888000,0x00000000d5900000)
  to   space 3584K, 0% used [0x00000000d5b00000,0x00000000d5b00000,0x00000000d5e80000)
 ParOldGen       total 596480K, used 596468K [0x0000000080000000, 0x00000000a4680000, 0x00000000d5580000)
  object space 596480K, 99% used [0x0000000080000000,0x00000000a467d2b8,0x00000000a4680000)
 Metaspace       used 92900K, committed 94656K, reserved 1179648K
  class space    used 8594K, committed 9472K, reserved 1048576K
}
Event: 1307.477 GC heap before
{Heap before GC invocations=899 (full 6):
 PSYoungGen      total 3584K, used 3104K [0x00000000d5580000, 0x00000000d5e80000, 0x0000000100000000)
  eden space 1536K, 100% used [0x00000000d5580000,0x00000000d5700000,0x00000000d5700000)
  from space 2048K, 76% used [0x00000000d5700000,0x00000000d5888000,0x00000000d5900000)
  to   space 3584K, 0% used [0x00000000d5b00000,0x00000000d5b00000,0x00000000d5e80000)
 ParOldGen       total 596480K, used 596468K [0x0000000080000000, 0x00000000a4680000, 0x00000000d5580000)
  object space 596480K, 99% used [0x0000000080000000,0x00000000a467d2b8,0x00000000a4680000)
 Metaspace       used 92900K, committed 94656K, reserved 1179648K
  class space    used 8594K, committed 9472K, reserved 1048576K
}
Event: 1307.481 GC heap after
{Heap after GC invocations=899 (full 6):
 PSYoungGen      total 4096K, used 1696K [0x00000000d5580000, 0x00000000d5d00000, 0x0000000100000000)
  eden space 2048K, 0% used [0x00000000d5580000,0x00000000d5580000,0x00000000d5780000)
  from space 2048K, 82% used [0x00000000d5b00000,0x00000000d5ca8000,0x00000000d5d00000)
  to   space 2048K, 0% used [0x00000000d5900000,0x00000000d5900000,0x00000000d5b00000)
 ParOldGen       total 598016K, used 597972K [0x0000000080000000, 0x00000000a4800000, 0x00000000d5580000)
  object space 598016K, 99% used [0x0000000080000000,0x00000000a47f52b8,0x00000000a4800000)
 Metaspace       used 92900K, committed 94656K, reserved 1179648K
  class space    used 8594K, committed 9472K, reserved 1048576K
}
Event: 1307.485 GC heap before
{Heap before GC invocations=900 (full 6):
 PSYoungGen      total 4096K, used 3743K [0x00000000d5580000, 0x00000000d5d00000, 0x0000000100000000)
  eden space 2048K, 99% used [0x00000000d5580000,0x00000000d577fe80,0x00000000d5780000)
  from space 2048K, 82% used [0x00000000d5b00000,0x00000000d5ca8000,0x00000000d5d00000)
  to   space 2048K, 0% used [0x00000000d5900000,0x00000000d5900000,0x00000000d5b00000)
 ParOldGen       total 598016K, used 597972K [0x0000000080000000, 0x00000000a4800000, 0x00000000d5580000)
  object space 598016K, 99% used [0x0000000080000000,0x00000000a47f52b8,0x00000000a4800000)
 Metaspace       used 92900K, committed 94656K, reserved 1179648K
  class space    used 8594K, committed 9472K, reserved 1048576K
}
Event: 1307.488 GC heap after
{Heap after GC invocations=900 (full 6):
 PSYoungGen      total 4608K, used 1846K [0x00000000d5580000, 0x00000000d5c00000, 0x0000000100000000)
  eden space 2560K, 0% used [0x00000000d5580000,0x00000000d5580000,0x00000000d5800000)
  from space 2048K, 90% used [0x00000000d5900000,0x00000000d5acd800,0x00000000d5b00000)
  to   space 1024K, 0% used [0x00000000d5b00000,0x00000000d5b00000,0x00000000d5c00000)
 ParOldGen       total 599552K, used 599500K [0x0000000080000000, 0x00000000a4980000, 0x00000000d5580000)
  object space 599552K, 99% used [0x0000000080000000,0x00000000a49732b8,0x00000000a4980000)
 Metaspace       used 92900K, committed 94656K, reserved 1179648K
  class space    used 8594K, committed 9472K, reserved 1048576K
}
Event: 1307.498 GC heap before
{Heap before GC invocations=901 (full 6):
 PSYoungGen      total 4608K, used 4037K [0x00000000d5580000, 0x00000000d5c00000, 0x0000000100000000)
  eden space 2560K, 85% used [0x00000000d5580000,0x00000000d57a3fd0,0x00000000d5800000)
  from space 2048K, 90% used [0x00000000d5900000,0x00000000d5acd800,0x00000000d5b00000)
  to   space 1024K, 0% used [0x00000000d5b00000,0x00000000d5b00000,0x00000000d5c00000)
 ParOldGen       total 599552K, used 599500K [0x0000000080000000, 0x00000000a4980000, 0x00000000d5580000)
  object space 599552K, 99% used [0x0000000080000000,0x00000000a49732b8,0x00000000a4980000)
 Metaspace       used 92900K, committed 94656K, reserved 1179648K
  class space    used 8594K, committed 9472K, reserved 1048576K
}
Event: 1307.502 GC heap after
{Heap after GC invocations=901 (full 6):
 PSYoungGen      total 3072K, used 1016K [0x00000000d5580000, 0x00000000d5f80000, 0x0000000100000000)
  eden space 2048K, 0% used [0x00000000d5580000,0x00000000d5580000,0x00000000d5780000)
  from space 1024K, 99% used [0x00000000d5b00000,0x00000000d5bfe000,0x00000000d5c00000)
  to   space 3584K, 0% used [0x00000000d5780000,0x00000000d5780000,0x00000000d5b00000)
 ParOldGen       total 602112K, used 601700K [0x0000000080000000, 0x00000000a4c00000, 0x00000000d5580000)
  object space 602112K, 99% used [0x0000000080000000,0x00000000a4b992b8,0x00000000a4c00000)
 Metaspace       used 92900K, committed 94656K, reserved 1179648K
  class space    used 8594K, committed 9472K, reserved 1048576K
}
Event: 1307.512 GC heap before
{Heap before GC invocations=902 (full 6):
 PSYoungGen      total 3072K, used 3064K [0x00000000d5580000, 0x00000000d5f80000, 0x0000000100000000)
  eden space 2048K, 100% used [0x00000000d5580000,0x00000000d5780000,0x00000000d5780000)
  from space 1024K, 99% used [0x00000000d5b00000,0x00000000d5bfe000,0x00000000d5c00000)
  to   space 3584K, 0% used [0x00000000d5780000,0x00000000d5780000,0x00000000d5b00000)
 ParOldGen       total 602112K, used 601700K [0x0000000080000000, 0x00000000a4c00000, 0x00000000d5580000)
  object space 602112K, 99% used [0x0000000080000000,0x00000000a4b992b8,0x00000000a4c00000)
 Metaspace       used 92900K, committed 94656K, reserved 1179648K
  class space    used 8594K, committed 9472K, reserved 1048576K
}
Event: 1307.515 GC heap after
{Heap after GC invocations=902 (full 6):
 PSYoungGen      total 5632K, used 2224K [0x00000000d5580000, 0x00000000d5e00000, 0x0000000100000000)
  eden space 2048K, 0% used [0x00000000d5580000,0x00000000d5580000,0x00000000d5780000)
  from space 3584K, 62% used [0x00000000d5780000,0x00000000d59ac000,0x00000000d5b00000)
  to   space 3072K, 0% used [0x00000000d5b00000,0x00000000d5b00000,0x00000000d5e00000)
 ParOldGen       total 602112K, used 602012K [0x0000000080000000, 0x00000000a4c00000, 0x00000000d5580000)
  object space 602112K, 99% used [0x0000000080000000,0x00000000a4be72b8,0x00000000a4c00000)
 Metaspace       used 92900K, committed 94656K, reserved 1179648K
  class space    used 8594K, committed 9472K, reserved 1048576K
}
Event: 1307.541 GC heap before
{Heap before GC invocations=903 (full 6):
 PSYoungGen      total 5632K, used 4272K [0x00000000d5580000, 0x00000000d5e00000, 0x0000000100000000)
  eden space 2048K, 100% used [0x00000000d5580000,0x00000000d5780000,0x00000000d5780000)
  from space 3584K, 62% used [0x00000000d5780000,0x00000000d59ac000,0x00000000d5b00000)
  to   space 3072K, 0% used [0x00000000d5b00000,0x00000000d5b00000,0x00000000d5e00000)
 ParOldGen       total 602112K, used 602012K [0x0000000080000000, 0x00000000a4c00000, 0x00000000d5580000)
  object space 602112K, 99% used [0x0000000080000000,0x00000000a4be72b8,0x00000000a4c00000)
 Metaspace       used 92900K, committed 94656K, reserved 1179648K
  class space    used 8594K, committed 9472K, reserved 1048576K
}
Event: 1307.544 GC heap after
{Heap after GC invocations=903 (full 6):
 PSYoungGen      total 5120K, used 2201K [0x00000000d5580000, 0x00000000d5d80000, 0x0000000100000000)
  eden space 2560K, 0% used [0x00000000d5580000,0x00000000d5580000,0x00000000d5800000)
  from space 2560K, 86% used [0x00000000d5b00000,0x00000000d5d26670,0x00000000d5d80000)
  to   space 2560K, 0% used [0x00000000d5880000,0x00000000d5880000,0x00000000d5b00000)
 ParOldGen       total 604160K, used 604084K [0x0000000080000000, 0x00000000a4e00000, 0x00000000d5580000)
  object space 604160K, 99% used [0x0000000080000000,0x00000000a4ded2b8,0x00000000a4e00000)
 Metaspace       used 92900K, committed 94656K, reserved 1179648K
  class space    used 8594K, committed 9472K, reserved 1048576K
}
Event: 1307.548 GC heap before
{Heap before GC invocations=904 (full 6):
 PSYoungGen      total 5120K, used 4761K [0x00000000d5580000, 0x00000000d5d80000, 0x0000000100000000)
  eden space 2560K, 100% used [0x00000000d5580000,0x00000000d5800000,0x00000000d5800000)
  from space 2560K, 86% used [0x00000000d5b00000,0x00000000d5d26670,0x00000000d5d80000)
  to   space 2560K, 0% used [0x00000000d5880000,0x00000000d5880000,0x00000000d5b00000)
 ParOldGen       total 604160K, used 604084K [0x0000000080000000, 0x00000000a4e00000, 0x00000000d5580000)
  object space 604160K, 99% used [0x0000000080000000,0x00000000a4ded2b8,0x00000000a4e00000)
 Metaspace       used 92900K, committed 94656K, reserved 1179648K
  class space    used 8594K, committed 9472K, reserved 1048576K
}
Event: 1309.565 GC heap after
{Heap after GC invocations=904 (full 6):
 PSYoungGen      total 5120K, used 2560K [0x00000000d5580000, 0x00000000d5d80000, 0x0000000100000000)
  eden space 2560K, 0% used [0x00000000d5580000,0x00000000d5580000,0x00000000d5800000)
  from space 2560K, 100% used [0x00000000d5880000,0x00000000d5b00000,0x00000000d5b00000)
  to   space 2560K, 0% used [0x00000000d5b00000,0x00000000d5b00000,0x00000000d5d80000)
 ParOldGen       total 606208K, used 606190K [0x0000000080000000, 0x00000000a5000000, 0x00000000d5580000)
  object space 606208K, 99% used [0x0000000080000000,0x00000000a4ffb928,0x00000000a5000000)
 Metaspace       used 92900K, committed 94656K, reserved 1179648K
  class space    used 8594K, committed 9472K, reserved 1048576K
}
Event: 1309.580 GC heap before
{Heap before GC invocations=905 (full 6):
 PSYoungGen      total 5120K, used 5120K [0x00000000d5580000, 0x00000000d5d80000, 0x0000000100000000)
  eden space 2560K, 100% used [0x00000000d5580000,0x00000000d5800000,0x00000000d5800000)
  from space 2560K, 100% used [0x00000000d5880000,0x00000000d5b00000,0x00000000d5b00000)
  to   space 2560K, 0% used [0x00000000d5b00000,0x00000000d5b00000,0x00000000d5d80000)
 ParOldGen       total 606208K, used 606190K [0x0000000080000000, 0x00000000a5000000, 0x00000000d5580000)
  object space 606208K, 99% used [0x0000000080000000,0x00000000a4ffb928,0x00000000a5000000)
 Metaspace       used 92900K, committed 94656K, reserved 1179648K
  class space    used 8594K, committed 9472K, reserved 1048576K
}

